initial net:
#<Ai4cr::NeuralNetwork::Rnn::Net:0x7fced7acaf50
 @bias=true,
 @channel_input=
  #<Ai4cr::NeuralNetwork::Rnn::Channel::Input:0x7fced7ac1c00
   @dendrite_offsets=[1],
   @node_sets=
    [#<Ai4cr::NeuralNetwork::Rnn::NodeSet::Input:0x7fced7ac9e70
      @state_qty=2,
      @state_range=0..1,
      @state_values=[0.0, 0.0]>,
     #<Ai4cr::NeuralNetwork::Rnn::NodeSet::Input:0x7fced7ac9e40
      @state_qty=2,
      @state_range=0..1,
      @state_values=[0.0, 0.0]>,
     #<Ai4cr::NeuralNetwork::Rnn::NodeSet::Input:0x7fced7ac9e10
      @state_qty=2,
      @state_range=0..1,
      @state_values=[0.0, 0.0]>,
     #<Ai4cr::NeuralNetwork::Rnn::NodeSet::Input:0x7fced7ac9de0
      @state_qty=2,
      @state_range=0..1,
      @state_values=[0.0, 0.0]>],
   @state_qty=2,
   @time_column_qty=4,
   @time_column_range=0..3>,
 @channel_output=
  #<Ai4cr::NeuralNetwork::Rnn::Channel::Output:0x7fced7ac1c40
   @dendrite_offsets=[1],
   @node_sets=
    [#<Ai4cr::NeuralNetwork::Rnn::NodeSet::Output:0x7fced7acaf00
      @state_corrected_values=[0.0, 0.0, 0.0],
      @state_deltas=[0.0, 0.0, 0.0],
      @state_errors=[0.0, 0.0, 0.0],
      @state_exaggerates=[0.0, 0.0, 0.0],
      @state_expectations=[0.0, 0.0, 0.0],
      @state_qty=3,
      @state_range=0..2,
      @state_values=[0.0, 0.0, 0.0]>,
     #<Ai4cr::NeuralNetwork::Rnn::NodeSet::Output:0x7fced7acaeb0
      @state_corrected_values=[0.0, 0.0, 0.0],
      @state_deltas=[0.0, 0.0, 0.0],
      @state_errors=[0.0, 0.0, 0.0],
      @state_exaggerates=[0.0, 0.0, 0.0],
      @state_expectations=[0.0, 0.0, 0.0],
      @state_qty=3,
      @state_range=0..2,
      @state_values=[0.0, 0.0, 0.0]>,
     #<Ai4cr::NeuralNetwork::Rnn::NodeSet::Output:0x7fced7acae60
      @state_corrected_values=[0.0, 0.0, 0.0],
      @state_deltas=[0.0, 0.0, 0.0],
      @state_errors=[0.0, 0.0, 0.0],
      @state_exaggerates=[0.0, 0.0, 0.0],
      @state_expectations=[0.0, 0.0, 0.0],
      @state_qty=3,
      @state_range=0..2,
      @state_values=[0.0, 0.0, 0.0]>,
     #<Ai4cr::NeuralNetwork::Rnn::NodeSet::Output:0x7fced7acae10
      @state_corrected_values=[0.0, 0.0, 0.0],
      @state_deltas=[0.0, 0.0, 0.0],
      @state_errors=[0.0, 0.0, 0.0],
      @state_exaggerates=[0.0, 0.0, 0.0],
      @state_expectations=[0.0, 0.0, 0.0],
      @state_qty=3,
      @state_range=0..2,
      @state_values=[0.0, 0.0, 0.0]>],
   @state_qty=3,
   @time_column_qty=4,
   @time_column_range=0..3>,
 @dendrite_offsets=[1],
 @hidden_layer_qty=2,
 @hidden_layers=
  [#<Ai4cr::NeuralNetwork::Rnn::HiddenLayer::First:0x7fced7ac4e00
    @bias=true,
    @channel_combo=
     #<Ai4cr::NeuralNetwork::Rnn::Channel::Combo:0x7fced7ac1b00
      @dendrite_offsets=[1],
      @node_sets=
       [#<Ai4cr::NeuralNetwork::Rnn::NodeSet::Hidden:0x7fced7ac4850
         @memory_corrected_values_set=[[0.0, 0.0, 0.0, 0.0], [0.0, 0.0, 0.0, 0.0]],
         @memory_deltas_set=[[0.0, 0.0, 0.0, 0.0], [0.0, 0.0, 0.0, 0.0]],
         @memory_errors_set=[[0.0, 0.0, 0.0, 0.0], [0.0, 0.0, 0.0, 0.0]],
         @memory_qty=2,
         @memory_range=0..1,
         @memory_values_set=[[0.0, 0.0, 0.0, 0.0], [0.0, 0.0, 0.0, 0.0]],
         @state_corrected_values=[0.0, 0.0, 0.0, 0.0],
         @state_deltas=[0.0, 0.0, 0.0, 0.0],
         @state_errors=[0.0, 0.0, 0.0, 0.0],
         @state_qty=4,
         @state_range=0..3,
         @state_values=[0.0, 0.0, 0.0, 0.0]>,
        #<Ai4cr::NeuralNetwork::Rnn::NodeSet::Hidden:0x7fced7ac47e0
         @memory_corrected_values_set=[[0.0, 0.0, 0.0, 0.0], [0.0, 0.0, 0.0, 0.0]],
         @memory_deltas_set=[[0.0, 0.0, 0.0, 0.0], [0.0, 0.0, 0.0, 0.0]],
         @memory_errors_set=[[0.0, 0.0, 0.0, 0.0], [0.0, 0.0, 0.0, 0.0]],
         @memory_qty=2,
         @memory_range=0..1,
         @memory_values_set=[[0.0, 0.0, 0.0, 0.0], [0.0, 0.0, 0.0, 0.0]],
         @state_corrected_values=[0.0, 0.0, 0.0, 0.0],
         @state_deltas=[0.0, 0.0, 0.0, 0.0],
         @state_errors=[0.0, 0.0, 0.0, 0.0],
         @state_qty=4,
         @state_range=0..3,
         @state_values=[0.0, 0.0, 0.0, 0.0]>,
        #<Ai4cr::NeuralNetwork::Rnn::NodeSet::Hidden:0x7fced7ac4770
         @memory_corrected_values_set=[[0.0, 0.0, 0.0, 0.0], [0.0, 0.0, 0.0, 0.0]],
         @memory_deltas_set=[[0.0, 0.0, 0.0, 0.0], [0.0, 0.0, 0.0, 0.0]],
         @memory_errors_set=[[0.0, 0.0, 0.0, 0.0], [0.0, 0.0, 0.0, 0.0]],
         @memory_qty=2,
         @memory_range=0..1,
         @memory_values_set=[[0.0, 0.0, 0.0, 0.0], [0.0, 0.0, 0.0, 0.0]],
         @state_corrected_values=[0.0, 0.0, 0.0, 0.0],
         @state_deltas=[0.0, 0.0, 0.0, 0.0],
         @state_errors=[0.0, 0.0, 0.0, 0.0],
         @state_qty=4,
         @state_range=0..3,
         @state_values=[0.0, 0.0, 0.0, 0.0]>,
        #<Ai4cr::NeuralNetwork::Rnn::NodeSet::Hidden:0x7fced7ac4700
         @memory_corrected_values_set=[[0.0, 0.0, 0.0, 0.0], [0.0, 0.0, 0.0, 0.0]],
         @memory_deltas_set=[[0.0, 0.0, 0.0, 0.0], [0.0, 0.0, 0.0, 0.0]],
         @memory_errors_set=[[0.0, 0.0, 0.0, 0.0], [0.0, 0.0, 0.0, 0.0]],
         @memory_qty=2,
         @memory_range=0..1,
         @memory_values_set=[[0.0, 0.0, 0.0, 0.0], [0.0, 0.0, 0.0, 0.0]],
         @state_corrected_values=[0.0, 0.0, 0.0, 0.0],
         @state_deltas=[0.0, 0.0, 0.0, 0.0],
         @state_errors=[0.0, 0.0, 0.0, 0.0],
         @state_qty=4,
         @state_range=0..3,
         @state_values=[0.0, 0.0, 0.0, 0.0]>],
      @state_qty=4,
      @time_column_qty=4,
      @time_column_range=0..3>,
    @channel_future=
     #<Ai4cr::NeuralNetwork::Rnn::Channel::Future:0x7fced7ac1b40
      @dendrite_offsets=[1],
      @node_sets=
       [#<Ai4cr::NeuralNetwork::Rnn::NodeSet::Hidden:0x7fced7ac4a10
         @memory_corrected_values_set=[[0.0, 0.0, 0.0, 0.0], [0.0, 0.0, 0.0, 0.0]],
         @memory_deltas_set=[[0.0, 0.0, 0.0, 0.0], [0.0, 0.0, 0.0, 0.0]],
         @memory_errors_set=[[0.0, 0.0, 0.0, 0.0], [0.0, 0.0, 0.0, 0.0]],
         @memory_qty=2,
         @memory_range=0..1,
         @memory_values_set=[[0.0, 0.0, 0.0, 0.0], [0.0, 0.0, 0.0, 0.0]],
         @state_corrected_values=[0.0, 0.0, 0.0, 0.0],
         @state_deltas=[0.0, 0.0, 0.0, 0.0],
         @state_errors=[0.0, 0.0, 0.0, 0.0],
         @state_qty=4,
         @state_range=0..3,
         @state_values=[0.0, 0.0, 0.0, 0.0]>,
        #<Ai4cr::NeuralNetwork::Rnn::NodeSet::Hidden:0x7fced7ac49a0
         @memory_corrected_values_set=[[0.0, 0.0, 0.0, 0.0], [0.0, 0.0, 0.0, 0.0]],
         @memory_deltas_set=[[0.0, 0.0, 0.0, 0.0], [0.0, 0.0, 0.0, 0.0]],
         @memory_errors_set=[[0.0, 0.0, 0.0, 0.0], [0.0, 0.0, 0.0, 0.0]],
         @memory_qty=2,
         @memory_range=0..1,
         @memory_values_set=[[0.0, 0.0, 0.0, 0.0], [0.0, 0.0, 0.0, 0.0]],
         @state_corrected_values=[0.0, 0.0, 0.0, 0.0],
         @state_deltas=[0.0, 0.0, 0.0, 0.0],
         @state_errors=[0.0, 0.0, 0.0, 0.0],
         @state_qty=4,
         @state_range=0..3,
         @state_values=[0.0, 0.0, 0.0, 0.0]>,
        #<Ai4cr::NeuralNetwork::Rnn::NodeSet::Hidden:0x7fced7ac4930
         @memory_corrected_values_set=[[0.0, 0.0, 0.0, 0.0], [0.0, 0.0, 0.0, 0.0]],
         @memory_deltas_set=[[0.0, 0.0, 0.0, 0.0], [0.0, 0.0, 0.0, 0.0]],
         @memory_errors_set=[[0.0, 0.0, 0.0, 0.0], [0.0, 0.0, 0.0, 0.0]],
         @memory_qty=2,
         @memory_range=0..1,
         @memory_values_set=[[0.0, 0.0, 0.0, 0.0], [0.0, 0.0, 0.0, 0.0]],
         @state_corrected_values=[0.0, 0.0, 0.0, 0.0],
         @state_deltas=[0.0, 0.0, 0.0, 0.0],
         @state_errors=[0.0, 0.0, 0.0, 0.0],
         @state_qty=4,
         @state_range=0..3,
         @state_values=[0.0, 0.0, 0.0, 0.0]>,
        #<Ai4cr::NeuralNetwork::Rnn::NodeSet::Hidden:0x7fced7ac48c0
         @memory_corrected_values_set=[[0.0, 0.0, 0.0, 0.0], [0.0, 0.0, 0.0, 0.0]],
         @memory_deltas_set=[[0.0, 0.0, 0.0, 0.0], [0.0, 0.0, 0.0, 0.0]],
         @memory_errors_set=[[0.0, 0.0, 0.0, 0.0], [0.0, 0.0, 0.0, 0.0]],
         @memory_qty=2,
         @memory_range=0..1,
         @memory_values_set=[[0.0, 0.0, 0.0, 0.0], [0.0, 0.0, 0.0, 0.0]],
         @state_corrected_values=[0.0, 0.0, 0.0, 0.0],
         @state_deltas=[0.0, 0.0, 0.0, 0.0],
         @state_errors=[0.0, 0.0, 0.0, 0.0],
         @state_qty=4,
         @state_range=0..3,
         @state_values=[0.0, 0.0, 0.0, 0.0]>],
      @state_qty=4,
      @time_column_qty=4,
      @time_column_range=0..3>,
    @channel_local=
     #<Ai4cr::NeuralNetwork::Rnn::Channel::Local:0x7fced7ac1bc0
      @dendrite_offsets=[1],
      @node_sets=
       [#<Ai4cr::NeuralNetwork::Rnn::NodeSet::Hidden:0x7fced7ac4d90
         @memory_corrected_values_set=[[0.0, 0.0, 0.0, 0.0], [0.0, 0.0, 0.0, 0.0]],
         @memory_deltas_set=[[0.0, 0.0, 0.0, 0.0], [0.0, 0.0, 0.0, 0.0]],
         @memory_errors_set=[[0.0, 0.0, 0.0, 0.0], [0.0, 0.0, 0.0, 0.0]],
         @memory_qty=2,
         @memory_range=0..1,
         @memory_values_set=[[0.0, 0.0, 0.0, 0.0], [0.0, 0.0, 0.0, 0.0]],
         @state_corrected_values=[0.0, 0.0, 0.0, 0.0],
         @state_deltas=[0.0, 0.0, 0.0, 0.0],
         @state_errors=[0.0, 0.0, 0.0, 0.0],
         @state_qty=4,
         @state_range=0..3,
         @state_values=[0.0, 0.0, 0.0, 0.0]>,
        #<Ai4cr::NeuralNetwork::Rnn::NodeSet::Hidden:0x7fced7ac4d20
         @memory_corrected_values_set=[[0.0, 0.0, 0.0, 0.0], [0.0, 0.0, 0.0, 0.0]],
         @memory_deltas_set=[[0.0, 0.0, 0.0, 0.0], [0.0, 0.0, 0.0, 0.0]],
         @memory_errors_set=[[0.0, 0.0, 0.0, 0.0], [0.0, 0.0, 0.0, 0.0]],
         @memory_qty=2,
         @memory_range=0..1,
         @memory_values_set=[[0.0, 0.0, 0.0, 0.0], [0.0, 0.0, 0.0, 0.0]],
         @state_corrected_values=[0.0, 0.0, 0.0, 0.0],
         @state_deltas=[0.0, 0.0, 0.0, 0.0],
         @state_errors=[0.0, 0.0, 0.0, 0.0],
         @state_qty=4,
         @state_range=0..3,
         @state_values=[0.0, 0.0, 0.0, 0.0]>,
        #<Ai4cr::NeuralNetwork::Rnn::NodeSet::Hidden:0x7fced7ac4cb0
         @memory_corrected_values_set=[[0.0, 0.0, 0.0, 0.0], [0.0, 0.0, 0.0, 0.0]],
         @memory_deltas_set=[[0.0, 0.0, 0.0, 0.0], [0.0, 0.0, 0.0, 0.0]],
         @memory_errors_set=[[0.0, 0.0, 0.0, 0.0], [0.0, 0.0, 0.0, 0.0]],
         @memory_qty=2,
         @memory_range=0..1,
         @memory_values_set=[[0.0, 0.0, 0.0, 0.0], [0.0, 0.0, 0.0, 0.0]],
         @state_corrected_values=[0.0, 0.0, 0.0, 0.0],
         @state_deltas=[0.0, 0.0, 0.0, 0.0],
         @state_errors=[0.0, 0.0, 0.0, 0.0],
         @state_qty=4,
         @state_range=0..3,
         @state_values=[0.0, 0.0, 0.0, 0.0]>,
        #<Ai4cr::NeuralNetwork::Rnn::NodeSet::Hidden:0x7fced7ac4c40
         @memory_corrected_values_set=[[0.0, 0.0, 0.0, 0.0], [0.0, 0.0, 0.0, 0.0]],
         @memory_deltas_set=[[0.0, 0.0, 0.0, 0.0], [0.0, 0.0, 0.0, 0.0]],
         @memory_errors_set=[[0.0, 0.0, 0.0, 0.0], [0.0, 0.0, 0.0, 0.0]],
         @memory_qty=2,
         @memory_range=0..1,
         @memory_values_set=[[0.0, 0.0, 0.0, 0.0], [0.0, 0.0, 0.0, 0.0]],
         @state_corrected_values=[0.0, 0.0, 0.0, 0.0],
         @state_deltas=[0.0, 0.0, 0.0, 0.0],
         @state_errors=[0.0, 0.0, 0.0, 0.0],
         @state_qty=4,
         @state_range=0..3,
         @state_values=[0.0, 0.0, 0.0, 0.0]>],
      @state_qty=4,
      @time_column_qty=4,
      @time_column_range=0..3>,
    @channel_past=
     #<Ai4cr::NeuralNetwork::Rnn::Channel::Past:0x7fced7ac1b80
      @dendrite_offsets=[1],
      @node_sets=
       [#<Ai4cr::NeuralNetwork::Rnn::NodeSet::Hidden:0x7fced7ac4bd0
         @memory_corrected_values_set=[[0.0, 0.0, 0.0, 0.0], [0.0, 0.0, 0.0, 0.0]],
         @memory_deltas_set=[[0.0, 0.0, 0.0, 0.0], [0.0, 0.0, 0.0, 0.0]],
         @memory_errors_set=[[0.0, 0.0, 0.0, 0.0], [0.0, 0.0, 0.0, 0.0]],
         @memory_qty=2,
         @memory_range=0..1,
         @memory_values_set=[[0.0, 0.0, 0.0, 0.0], [0.0, 0.0, 0.0, 0.0]],
         @state_corrected_values=[0.0, 0.0, 0.0, 0.0],
         @state_deltas=[0.0, 0.0, 0.0, 0.0],
         @state_errors=[0.0, 0.0, 0.0, 0.0],
         @state_qty=4,
         @state_range=0..3,
         @state_values=[0.0, 0.0, 0.0, 0.0]>,
        #<Ai4cr::NeuralNetwork::Rnn::NodeSet::Hidden:0x7fced7ac4b60
         @memory_corrected_values_set=[[0.0, 0.0, 0.0, 0.0], [0.0, 0.0, 0.0, 0.0]],
         @memory_deltas_set=[[0.0, 0.0, 0.0, 0.0], [0.0, 0.0, 0.0, 0.0]],
         @memory_errors_set=[[0.0, 0.0, 0.0, 0.0], [0.0, 0.0, 0.0, 0.0]],
         @memory_qty=2,
         @memory_range=0..1,
         @memory_values_set=[[0.0, 0.0, 0.0, 0.0], [0.0, 0.0, 0.0, 0.0]],
         @state_corrected_values=[0.0, 0.0, 0.0, 0.0],
         @state_deltas=[0.0, 0.0, 0.0, 0.0],
         @state_errors=[0.0, 0.0, 0.0, 0.0],
         @state_qty=4,
         @state_range=0..3,
         @state_values=[0.0, 0.0, 0.0, 0.0]>,
        #<Ai4cr::NeuralNetwork::Rnn::NodeSet::Hidden:0x7fced7ac4af0
         @memory_corrected_values_set=[[0.0, 0.0, 0.0, 0.0], [0.0, 0.0, 0.0, 0.0]],
         @memory_deltas_set=[[0.0, 0.0, 0.0, 0.0], [0.0, 0.0, 0.0, 0.0]],
         @memory_errors_set=[[0.0, 0.0, 0.0, 0.0], [0.0, 0.0, 0.0, 0.0]],
         @memory_qty=2,
         @memory_range=0..1,
         @memory_values_set=[[0.0, 0.0, 0.0, 0.0], [0.0, 0.0, 0.0, 0.0]],
         @state_corrected_values=[0.0, 0.0, 0.0, 0.0],
         @state_deltas=[0.0, 0.0, 0.0, 0.0],
         @state_errors=[0.0, 0.0, 0.0, 0.0],
         @state_qty=4,
         @state_range=0..3,
         @state_values=[0.0, 0.0, 0.0, 0.0]>,
        #<Ai4cr::NeuralNetwork::Rnn::NodeSet::Hidden:0x7fced7ac4a80
         @memory_corrected_values_set=[[0.0, 0.0, 0.0, 0.0], [0.0, 0.0, 0.0, 0.0]],
         @memory_deltas_set=[[0.0, 0.0, 0.0, 0.0], [0.0, 0.0, 0.0, 0.0]],
         @memory_errors_set=[[0.0, 0.0, 0.0, 0.0], [0.0, 0.0, 0.0, 0.0]],
         @memory_qty=2,
         @memory_range=0..1,
         @memory_values_set=[[0.0, 0.0, 0.0, 0.0], [0.0, 0.0, 0.0, 0.0]],
         @state_corrected_values=[0.0, 0.0, 0.0, 0.0],
         @state_deltas=[0.0, 0.0, 0.0, 0.0],
         @state_errors=[0.0, 0.0, 0.0, 0.0],
         @state_qty=4,
         @state_range=0..3,
         @state_values=[0.0, 0.0, 0.0, 0.0]>],
      @state_qty=4,
      @time_column_qty=4,
      @time_column_range=0..3>,
    @dendrite_offsets=[1],
    @is_first=true,
    @layer_index=0,
    @previous_layer_output_channel=
     #<Ai4cr::NeuralNetwork::Rnn::Channel::Input:0x7fced7ac1c00
      @dendrite_offsets=[1],
      @node_sets=
       [#<Ai4cr::NeuralNetwork::Rnn::NodeSet::Input:0x7fced7ac9e70
         @state_qty=2,
         @state_range=0..1,
         @state_values=[0.0, 0.0]>,
        #<Ai4cr::NeuralNetwork::Rnn::NodeSet::Input:0x7fced7ac9e40
         @state_qty=2,
         @state_range=0..1,
         @state_values=[0.0, 0.0]>,
        #<Ai4cr::NeuralNetwork::Rnn::NodeSet::Input:0x7fced7ac9e10
         @state_qty=2,
         @state_range=0..1,
         @state_values=[0.0, 0.0]>,
        #<Ai4cr::NeuralNetwork::Rnn::NodeSet::Input:0x7fced7ac9de0
         @state_qty=2,
         @state_range=0..1,
         @state_values=[0.0, 0.0]>],
      @state_qty=2,
      @time_column_qty=4,
      @time_column_range=0..3>,
    @state_qty=4,
    @time_column_qty=4,
    @time_column_range=0..3,
    @weights_local=
     [#<Ai4cr::NeuralNetwork::Rnn::WeightSet::Local(Ai4cr::NeuralNetwork::Rnn::NodeSet::Input, Ai4cr::NeuralNetwork::Rnn::Channel::Input):0x7fced7ad0f30
       @bias=true,
       @center_input_node_set=
        #<Ai4cr::NeuralNetwork::Rnn::NodeSet::Input:0x7fced7ac9e70
         @state_qty=2,
         @state_range=0..1,
         @state_values=[0.0, 0.0]>,
       @dendrite_offsets=[1],
       @output_channel=
        #<Ai4cr::NeuralNetwork::Rnn::Channel::Local:0x7fced7ac1bc0
         @dendrite_offsets=[1],
         @node_sets=
          [#<Ai4cr::NeuralNetwork::Rnn::NodeSet::Hidden:0x7fced7ac4d90
            @memory_corrected_values_set=[[0.0, 0.0, 0.0, 0.0], [0.0, 0.0, 0.0, 0.0]],
            @memory_deltas_set=[[0.0, 0.0, 0.0, 0.0], [0.0, 0.0, 0.0, 0.0]],
            @memory_errors_set=[[0.0, 0.0, 0.0, 0.0], [0.0, 0.0, 0.0, 0.0]],
            @memory_qty=2,
            @memory_range=0..1,
            @memory_values_set=[[0.0, 0.0, 0.0, 0.0], [0.0, 0.0, 0.0, 0.0]],
            @state_corrected_values=[0.0, 0.0, 0.0, 0.0],
            @state_deltas=[0.0, 0.0, 0.0, 0.0],
            @state_errors=[0.0, 0.0, 0.0, 0.0],
            @state_qty=4,
            @state_range=0..3,
            @state_values=[0.0, 0.0, 0.0, 0.0]>,
           #<Ai4cr::NeuralNetwork::Rnn::NodeSet::Hidden:0x7fced7ac4d20
            @memory_corrected_values_set=[[0.0, 0.0, 0.0, 0.0], [0.0, 0.0, 0.0, 0.0]],
            @memory_deltas_set=[[0.0, 0.0, 0.0, 0.0], [0.0, 0.0, 0.0, 0.0]],
            @memory_errors_set=[[0.0, 0.0, 0.0, 0.0], [0.0, 0.0, 0.0, 0.0]],
            @memory_qty=2,
            @memory_range=0..1,
            @memory_values_set=[[0.0, 0.0, 0.0, 0.0], [0.0, 0.0, 0.0, 0.0]],
            @state_corrected_values=[0.0, 0.0, 0.0, 0.0],
            @state_deltas=[0.0, 0.0, 0.0, 0.0],
            @state_errors=[0.0, 0.0, 0.0, 0.0],
            @state_qty=4,
            @state_range=0..3,
            @state_values=[0.0, 0.0, 0.0, 0.0]>,
           #<Ai4cr::NeuralNetwork::Rnn::NodeSet::Hidden:0x7fced7ac4cb0
            @memory_corrected_values_set=[[0.0, 0.0, 0.0, 0.0], [0.0, 0.0, 0.0, 0.0]],
            @memory_deltas_set=[[0.0, 0.0, 0.0, 0.0], [0.0, 0.0, 0.0, 0.0]],
            @memory_errors_set=[[0.0, 0.0, 0.0, 0.0], [0.0, 0.0, 0.0, 0.0]],
            @memory_qty=2,
            @memory_range=0..1,
            @memory_values_set=[[0.0, 0.0, 0.0, 0.0], [0.0, 0.0, 0.0, 0.0]],
            @state_corrected_values=[0.0, 0.0, 0.0, 0.0],
            @state_deltas=[0.0, 0.0, 0.0, 0.0],
            @state_errors=[0.0, 0.0, 0.0, 0.0],
            @state_qty=4,
            @state_range=0..3,
            @state_values=[0.0, 0.0, 0.0, 0.0]>,
           #<Ai4cr::NeuralNetwork::Rnn::NodeSet::Hidden:0x7fced7ac4c40
            @memory_corrected_values_set=[[0.0, 0.0, 0.0, 0.0], [0.0, 0.0, 0.0, 0.0]],
            @memory_deltas_set=[[0.0, 0.0, 0.0, 0.0], [0.0, 0.0, 0.0, 0.0]],
            @memory_errors_set=[[0.0, 0.0, 0.0, 0.0], [0.0, 0.0, 0.0, 0.0]],
            @memory_qty=2,
            @memory_range=0..1,
            @memory_values_set=[[0.0, 0.0, 0.0, 0.0], [0.0, 0.0, 0.0, 0.0]],
            @state_corrected_values=[0.0, 0.0, 0.0, 0.0],
            @state_deltas=[0.0, 0.0, 0.0, 0.0],
            @state_errors=[0.0, 0.0, 0.0, 0.0],
            @state_qty=4,
            @state_range=0..3,
            @state_values=[0.0, 0.0, 0.0, 0.0]>],
         @state_qty=4,
         @time_column_qty=4,
         @time_column_range=0..3>,
       @output_node_set=
        #<Ai4cr::NeuralNetwork::Rnn::NodeSet::Hidden:0x7fced7ac4d90
         @memory_corrected_values_set=[[0.0, 0.0, 0.0, 0.0], [0.0, 0.0, 0.0, 0.0]],
         @memory_deltas_set=[[0.0, 0.0, 0.0, 0.0], [0.0, 0.0, 0.0, 0.0]],
         @memory_errors_set=[[0.0, 0.0, 0.0, 0.0], [0.0, 0.0, 0.0, 0.0]],
         @memory_qty=2,
         @memory_range=0..1,
         @memory_values_set=[[0.0, 0.0, 0.0, 0.0], [0.0, 0.0, 0.0, 0.0]],
         @state_corrected_values=[0.0, 0.0, 0.0, 0.0],
         @state_deltas=[0.0, 0.0, 0.0, 0.0],
         @state_errors=[0.0, 0.0, 0.0, 0.0],
         @state_qty=4,
         @state_range=0..3,
         @state_values=[0.0, 0.0, 0.0, 0.0]>,
       @previous_layer_output_channel=
        #<Ai4cr::NeuralNetwork::Rnn::Channel::Input:0x7fced7ac1c00
         @dendrite_offsets=[1],
         @node_sets=
          [#<Ai4cr::NeuralNetwork::Rnn::NodeSet::Input:0x7fced7ac9e70
            @state_qty=2,
            @state_range=0..1,
            @state_values=[0.0, 0.0]>,
           #<Ai4cr::NeuralNetwork::Rnn::NodeSet::Input:0x7fced7ac9e40
            @state_qty=2,
            @state_range=0..1,
            @state_values=[0.0, 0.0]>,
           #<Ai4cr::NeuralNetwork::Rnn::NodeSet::Input:0x7fced7ac9e10
            @state_qty=2,
            @state_range=0..1,
            @state_values=[0.0, 0.0]>,
           #<Ai4cr::NeuralNetwork::Rnn::NodeSet::Input:0x7fced7ac9de0
            @state_qty=2,
            @state_range=0..1,
            @state_values=[0.0, 0.0]>],
         @state_qty=2,
         @time_column_qty=4,
         @time_column_range=0..3>,
       @side_future_input_node_sets=
        [#<Ai4cr::NeuralNetwork::Rnn::NodeSet::Input:0x7fced7ac9e40
          @state_qty=2,
          @state_range=0..1,
          @state_values=[0.0, 0.0]>],
       @side_past_input_node_sets=[],
       @time_column_index=0,
       @time_column_index_future_offsets=[1],
       @time_column_index_past_offsets=[],
       @weights_center_input_node_set=
        [[-0.42627646160526556, 0.8229573539222292, -0.38175589469541504],
         [0.42955616546744424, -0.6098593068042384, 0.974913057848874],
         [-0.30750899487429384, 0.059609496700665066, -0.345790532416827],
         [0.041927166068916, 0.5352055149824662, -0.858282089660162]],
       @weights_memory=
        [[[-0.9864495359273537, -0.8240069789858935, 0.2375197354453089, 0.04292310966667556],
          [-0.008719316539519295, -0.07849965353015842, -0.3810785189564657, -0.34364208576004474],
          [0.6992130387460858, -0.543392846411185, -0.442345687590206, 0.37614030032007784],
          [-0.20356316999446322, -0.42537529053226175, 0.40085720711755, -0.05979168674361468]],
         [[0.8542409408912199, -0.2048926572829327, -0.8792902130643789, -0.8792761087749925],
          [0.6274387171185931, -0.6717134964244167, 0.0043181976313333426, -0.16634431477359113],
          [0.930106302876103, 0.887835764745126, 0.1863449002552955, 0.3274506516273554],
          [0.9693157940102017, 0.09704484528183843, 0.6293162523998546, -0.25291087236590937]]],
       @weights_side_future=
        [[[-0.9918433206777195, -0.9507465972578582, -0.5303745701824869],
          [-0.04797134610520526, -0.6155020807855609, -0.35702779543170526],
          [-0.5003660644785184, -0.2813780028552516, 0.9768687276419523],
          [0.5961293446227838, 0.2894379629662678, -0.9689544587056447]]],
       @weights_side_past=[]>,
      #<Ai4cr::NeuralNetwork::Rnn::WeightSet::Local(Ai4cr::NeuralNetwork::Rnn::NodeSet::Input, Ai4cr::NeuralNetwork::Rnn::Channel::Input):0x7fced7ad0ea0
       @bias=true,
       @center_input_node_set=
        #<Ai4cr::NeuralNetwork::Rnn::NodeSet::Input:0x7fced7ac9e40
         @state_qty=2,
         @state_range=0..1,
         @state_values=[0.0, 0.0]>,
       @dendrite_offsets=[1],
       @output_channel=
        #<Ai4cr::NeuralNetwork::Rnn::Channel::Local:0x7fced7ac1bc0
         @dendrite_offsets=[1],
         @node_sets=
          [#<Ai4cr::NeuralNetwork::Rnn::NodeSet::Hidden:0x7fced7ac4d90
            @memory_corrected_values_set=[[0.0, 0.0, 0.0, 0.0], [0.0, 0.0, 0.0, 0.0]],
            @memory_deltas_set=[[0.0, 0.0, 0.0, 0.0], [0.0, 0.0, 0.0, 0.0]],
            @memory_errors_set=[[0.0, 0.0, 0.0, 0.0], [0.0, 0.0, 0.0, 0.0]],
            @memory_qty=2,
            @memory_range=0..1,
            @memory_values_set=[[0.0, 0.0, 0.0, 0.0], [0.0, 0.0, 0.0, 0.0]],
            @state_corrected_values=[0.0, 0.0, 0.0, 0.0],
            @state_deltas=[0.0, 0.0, 0.0, 0.0],
            @state_errors=[0.0, 0.0, 0.0, 0.0],
            @state_qty=4,
            @state_range=0..3,
            @state_values=[0.0, 0.0, 0.0, 0.0]>,
           #<Ai4cr::NeuralNetwork::Rnn::NodeSet::Hidden:0x7fced7ac4d20
            @memory_corrected_values_set=[[0.0, 0.0, 0.0, 0.0], [0.0, 0.0, 0.0, 0.0]],
            @memory_deltas_set=[[0.0, 0.0, 0.0, 0.0], [0.0, 0.0, 0.0, 0.0]],
            @memory_errors_set=[[0.0, 0.0, 0.0, 0.0], [0.0, 0.0, 0.0, 0.0]],
            @memory_qty=2,
            @memory_range=0..1,
            @memory_values_set=[[0.0, 0.0, 0.0, 0.0], [0.0, 0.0, 0.0, 0.0]],
            @state_corrected_values=[0.0, 0.0, 0.0, 0.0],
            @state_deltas=[0.0, 0.0, 0.0, 0.0],
            @state_errors=[0.0, 0.0, 0.0, 0.0],
            @state_qty=4,
            @state_range=0..3,
            @state_values=[0.0, 0.0, 0.0, 0.0]>,
           #<Ai4cr::NeuralNetwork::Rnn::NodeSet::Hidden:0x7fced7ac4cb0
            @memory_corrected_values_set=[[0.0, 0.0, 0.0, 0.0], [0.0, 0.0, 0.0, 0.0]],
            @memory_deltas_set=[[0.0, 0.0, 0.0, 0.0], [0.0, 0.0, 0.0, 0.0]],
            @memory_errors_set=[[0.0, 0.0, 0.0, 0.0], [0.0, 0.0, 0.0, 0.0]],
            @memory_qty=2,
            @memory_range=0..1,
            @memory_values_set=[[0.0, 0.0, 0.0, 0.0], [0.0, 0.0, 0.0, 0.0]],
            @state_corrected_values=[0.0, 0.0, 0.0, 0.0],
            @state_deltas=[0.0, 0.0, 0.0, 0.0],
            @state_errors=[0.0, 0.0, 0.0, 0.0],
            @state_qty=4,
            @state_range=0..3,
            @state_values=[0.0, 0.0, 0.0, 0.0]>,
           #<Ai4cr::NeuralNetwork::Rnn::NodeSet::Hidden:0x7fced7ac4c40
            @memory_corrected_values_set=[[0.0, 0.0, 0.0, 0.0], [0.0, 0.0, 0.0, 0.0]],
            @memory_deltas_set=[[0.0, 0.0, 0.0, 0.0], [0.0, 0.0, 0.0, 0.0]],
            @memory_errors_set=[[0.0, 0.0, 0.0, 0.0], [0.0, 0.0, 0.0, 0.0]],
            @memory_qty=2,
            @memory_range=0..1,
            @memory_values_set=[[0.0, 0.0, 0.0, 0.0], [0.0, 0.0, 0.0, 0.0]],
            @state_corrected_values=[0.0, 0.0, 0.0, 0.0],
            @state_deltas=[0.0, 0.0, 0.0, 0.0],
            @state_errors=[0.0, 0.0, 0.0, 0.0],
            @state_qty=4,
            @state_range=0..3,
            @state_values=[0.0, 0.0, 0.0, 0.0]>],
         @state_qty=4,
         @time_column_qty=4,
         @time_column_range=0..3>,
       @output_node_set=
        #<Ai4cr::NeuralNetwork::Rnn::NodeSet::Hidden:0x7fced7ac4d20
         @memory_corrected_values_set=[[0.0, 0.0, 0.0, 0.0], [0.0, 0.0, 0.0, 0.0]],
         @memory_deltas_set=[[0.0, 0.0, 0.0, 0.0], [0.0, 0.0, 0.0, 0.0]],
         @memory_errors_set=[[0.0, 0.0, 0.0, 0.0], [0.0, 0.0, 0.0, 0.0]],
         @memory_qty=2,
         @memory_range=0..1,
         @memory_values_set=[[0.0, 0.0, 0.0, 0.0], [0.0, 0.0, 0.0, 0.0]],
         @state_corrected_values=[0.0, 0.0, 0.0, 0.0],
         @state_deltas=[0.0, 0.0, 0.0, 0.0],
         @state_errors=[0.0, 0.0, 0.0, 0.0],
         @state_qty=4,
         @state_range=0..3,
         @state_values=[0.0, 0.0, 0.0, 0.0]>,
       @previous_layer_output_channel=
        #<Ai4cr::NeuralNetwork::Rnn::Channel::Input:0x7fced7ac1c00
         @dendrite_offsets=[1],
         @node_sets=
          [#<Ai4cr::NeuralNetwork::Rnn::NodeSet::Input:0x7fced7ac9e70
            @state_qty=2,
            @state_range=0..1,
            @state_values=[0.0, 0.0]>,
           #<Ai4cr::NeuralNetwork::Rnn::NodeSet::Input:0x7fced7ac9e40
            @state_qty=2,
            @state_range=0..1,
            @state_values=[0.0, 0.0]>,
           #<Ai4cr::NeuralNetwork::Rnn::NodeSet::Input:0x7fced7ac9e10
            @state_qty=2,
            @state_range=0..1,
            @state_values=[0.0, 0.0]>,
           #<Ai4cr::NeuralNetwork::Rnn::NodeSet::Input:0x7fced7ac9de0
            @state_qty=2,
            @state_range=0..1,
            @state_values=[0.0, 0.0]>],
         @state_qty=2,
         @time_column_qty=4,
         @time_column_range=0..3>,
       @side_future_input_node_sets=
        [#<Ai4cr::NeuralNetwork::Rnn::NodeSet::Input:0x7fced7ac9e40
          @state_qty=2,
          @state_range=0..1,
          @state_values=[0.0, 0.0]>],
       @side_past_input_node_sets=
        [#<Ai4cr::NeuralNetwork::Rnn::NodeSet::Input:0x7fced7ac9de0
          @state_qty=2,
          @state_range=0..1,
          @state_values=[0.0, 0.0]>],
       @time_column_index=1,
       @time_column_index_future_offsets=[1],
       @time_column_index_past_offsets=[-1],
       @weights_center_input_node_set=
        [[-0.21981085043931847, 0.9231392490450743, -0.13246490909351605],
         [0.5518439847430243, 0.23189145541073208, -0.12641115469244657],
         [-0.6616456621823763, 0.13277656363991452, 0.06466862878813151],
         [-0.5416057321050496, 0.37785898292879394, 0.9400839098452762]],
       @weights_memory=
        [[[0.2656595859806854, 0.21753777942645924, 0.8441445398137226, -0.06540423211737834],
          [-0.4468666870074328, 0.5092546834233409, -0.28024404653598334, 0.9242504717011355],
          [0.42240268880882437, 0.4943653709518121, 0.40642444537766, -0.48463101162859756],
          [-0.5521614038626257, -0.7153499144552418, -0.4490630091679829, 0.3898774761454449]],
         [[0.4768999113057568, -0.17970141362651149, -0.4992437210197048, -0.6260132008268189],
          [0.19475403197906416, -0.8617942796973654, 0.06774118600641699, 0.5849268691080205],
          [-0.448426217641665, -0.02682693051628038, -0.6590184962937313, 0.20165333470447822],
          [0.2745136001032997, 0.2863146634922129, 0.07789537604672825, -0.5660120871187455]]],
       @weights_side_future=
        [[[0.029732842681725158, 0.8189953047055967, -0.37368854582592637],
          [0.14189496238235533, 0.2572857110975515, -0.4457187837939861],
          [0.7165506426446624, -0.5564142706292783, -0.12127218253706162],
          [-0.9580264223769706, 0.9026880062879166, 0.9422249908092362]]],
       @weights_side_past=
        [[[0.4018339449601178, 0.945863716670863, -0.2879310146273343],
          [0.6794424339540404, -0.1713331908406327, -0.3868421963529257],
          [-0.8057817863331067, -0.0639250890072024, -0.2943758612854338],
          [-0.051123885032575145, 0.20139460137871268, 0.1641936503228636]]]>,
      #<Ai4cr::NeuralNetwork::Rnn::WeightSet::Local(Ai4cr::NeuralNetwork::Rnn::NodeSet::Input, Ai4cr::NeuralNetwork::Rnn::Channel::Input):0x7fced7ad0e10
       @bias=true,
       @center_input_node_set=
        #<Ai4cr::NeuralNetwork::Rnn::NodeSet::Input:0x7fced7ac9e10
         @state_qty=2,
         @state_range=0..1,
         @state_values=[0.0, 0.0]>,
       @dendrite_offsets=[1],
       @output_channel=
        #<Ai4cr::NeuralNetwork::Rnn::Channel::Local:0x7fced7ac1bc0
         @dendrite_offsets=[1],
         @node_sets=
          [#<Ai4cr::NeuralNetwork::Rnn::NodeSet::Hidden:0x7fced7ac4d90
            @memory_corrected_values_set=[[0.0, 0.0, 0.0, 0.0], [0.0, 0.0, 0.0, 0.0]],
            @memory_deltas_set=[[0.0, 0.0, 0.0, 0.0], [0.0, 0.0, 0.0, 0.0]],
            @memory_errors_set=[[0.0, 0.0, 0.0, 0.0], [0.0, 0.0, 0.0, 0.0]],
            @memory_qty=2,
            @memory_range=0..1,
            @memory_values_set=[[0.0, 0.0, 0.0, 0.0], [0.0, 0.0, 0.0, 0.0]],
            @state_corrected_values=[0.0, 0.0, 0.0, 0.0],
            @state_deltas=[0.0, 0.0, 0.0, 0.0],
            @state_errors=[0.0, 0.0, 0.0, 0.0],
            @state_qty=4,
            @state_range=0..3,
            @state_values=[0.0, 0.0, 0.0, 0.0]>,
           #<Ai4cr::NeuralNetwork::Rnn::NodeSet::Hidden:0x7fced7ac4d20
            @memory_corrected_values_set=[[0.0, 0.0, 0.0, 0.0], [0.0, 0.0, 0.0, 0.0]],
            @memory_deltas_set=[[0.0, 0.0, 0.0, 0.0], [0.0, 0.0, 0.0, 0.0]],
            @memory_errors_set=[[0.0, 0.0, 0.0, 0.0], [0.0, 0.0, 0.0, 0.0]],
            @memory_qty=2,
            @memory_range=0..1,
            @memory_values_set=[[0.0, 0.0, 0.0, 0.0], [0.0, 0.0, 0.0, 0.0]],
            @state_corrected_values=[0.0, 0.0, 0.0, 0.0],
            @state_deltas=[0.0, 0.0, 0.0, 0.0],
            @state_errors=[0.0, 0.0, 0.0, 0.0],
            @state_qty=4,
            @state_range=0..3,
            @state_values=[0.0, 0.0, 0.0, 0.0]>,
           #<Ai4cr::NeuralNetwork::Rnn::NodeSet::Hidden:0x7fced7ac4cb0
            @memory_corrected_values_set=[[0.0, 0.0, 0.0, 0.0], [0.0, 0.0, 0.0, 0.0]],
            @memory_deltas_set=[[0.0, 0.0, 0.0, 0.0], [0.0, 0.0, 0.0, 0.0]],
            @memory_errors_set=[[0.0, 0.0, 0.0, 0.0], [0.0, 0.0, 0.0, 0.0]],
            @memory_qty=2,
            @memory_range=0..1,
            @memory_values_set=[[0.0, 0.0, 0.0, 0.0], [0.0, 0.0, 0.0, 0.0]],
            @state_corrected_values=[0.0, 0.0, 0.0, 0.0],
            @state_deltas=[0.0, 0.0, 0.0, 0.0],
            @state_errors=[0.0, 0.0, 0.0, 0.0],
            @state_qty=4,
            @state_range=0..3,
            @state_values=[0.0, 0.0, 0.0, 0.0]>,
           #<Ai4cr::NeuralNetwork::Rnn::NodeSet::Hidden:0x7fced7ac4c40
            @memory_corrected_values_set=[[0.0, 0.0, 0.0, 0.0], [0.0, 0.0, 0.0, 0.0]],
            @memory_deltas_set=[[0.0, 0.0, 0.0, 0.0], [0.0, 0.0, 0.0, 0.0]],
            @memory_errors_set=[[0.0, 0.0, 0.0, 0.0], [0.0, 0.0, 0.0, 0.0]],
            @memory_qty=2,
            @memory_range=0..1,
            @memory_values_set=[[0.0, 0.0, 0.0, 0.0], [0.0, 0.0, 0.0, 0.0]],
            @state_corrected_values=[0.0, 0.0, 0.0, 0.0],
            @state_deltas=[0.0, 0.0, 0.0, 0.0],
            @state_errors=[0.0, 0.0, 0.0, 0.0],
            @state_qty=4,
            @state_range=0..3,
            @state_values=[0.0, 0.0, 0.0, 0.0]>],
         @state_qty=4,
         @time_column_qty=4,
         @time_column_range=0..3>,
       @output_node_set=
        #<Ai4cr::NeuralNetwork::Rnn::NodeSet::Hidden:0x7fced7ac4cb0
         @memory_corrected_values_set=[[0.0, 0.0, 0.0, 0.0], [0.0, 0.0, 0.0, 0.0]],
         @memory_deltas_set=[[0.0, 0.0, 0.0, 0.0], [0.0, 0.0, 0.0, 0.0]],
         @memory_errors_set=[[0.0, 0.0, 0.0, 0.0], [0.0, 0.0, 0.0, 0.0]],
         @memory_qty=2,
         @memory_range=0..1,
         @memory_values_set=[[0.0, 0.0, 0.0, 0.0], [0.0, 0.0, 0.0, 0.0]],
         @state_corrected_values=[0.0, 0.0, 0.0, 0.0],
         @state_deltas=[0.0, 0.0, 0.0, 0.0],
         @state_errors=[0.0, 0.0, 0.0, 0.0],
         @state_qty=4,
         @state_range=0..3,
         @state_values=[0.0, 0.0, 0.0, 0.0]>,
       @previous_layer_output_channel=
        #<Ai4cr::NeuralNetwork::Rnn::Channel::Input:0x7fced7ac1c00
         @dendrite_offsets=[1],
         @node_sets=
          [#<Ai4cr::NeuralNetwork::Rnn::NodeSet::Input:0x7fced7ac9e70
            @state_qty=2,
            @state_range=0..1,
            @state_values=[0.0, 0.0]>,
           #<Ai4cr::NeuralNetwork::Rnn::NodeSet::Input:0x7fced7ac9e40
            @state_qty=2,
            @state_range=0..1,
            @state_values=[0.0, 0.0]>,
           #<Ai4cr::NeuralNetwork::Rnn::NodeSet::Input:0x7fced7ac9e10
            @state_qty=2,
            @state_range=0..1,
            @state_values=[0.0, 0.0]>,
           #<Ai4cr::NeuralNetwork::Rnn::NodeSet::Input:0x7fced7ac9de0
            @state_qty=2,
            @state_range=0..1,
            @state_values=[0.0, 0.0]>],
         @state_qty=2,
         @time_column_qty=4,
         @time_column_range=0..3>,
       @side_future_input_node_sets=
        [#<Ai4cr::NeuralNetwork::Rnn::NodeSet::Input:0x7fced7ac9e40
          @state_qty=2,
          @state_range=0..1,
          @state_values=[0.0, 0.0]>],
       @side_past_input_node_sets=
        [#<Ai4cr::NeuralNetwork::Rnn::NodeSet::Input:0x7fced7ac9de0
          @state_qty=2,
          @state_range=0..1,
          @state_values=[0.0, 0.0]>],
       @time_column_index=2,
       @time_column_index_future_offsets=[1],
       @time_column_index_past_offsets=[-1],
       @weights_center_input_node_set=
        [[-0.08380102653574528, -0.5838326813809502, -0.6239328201557586],
         [0.46521562958692564, -0.7197246086405242, -0.8307565834968824],
         [0.7466757136968656, 0.8077455280235595, 0.4974639912217771],
         [0.8303908150489769, -0.6400733903925242, 0.3602625666711621]],
       @weights_memory=
        [[[-0.447438332771129, -0.8719091141607416, 0.17673657658166042, -0.2457396793555443],
          [0.3166769265939251, -0.7547880808823517, 0.7079003283233725, -0.4730960779880621],
          [-0.6318682191648533, 0.902343512971832, -0.1165843758254842, 0.20541705280677625],
          [0.49717238614117854, -0.6893050217443519, -0.9752463850248327, 0.07925219523696692]],
         [[0.9095669165960532, 0.3193849594633782, 0.7798336036544109, -0.4562706088734395],
          [0.7107646620387762, 0.03998188142544201, -0.773422360301746, -0.042165683735405524],
          [0.18577083155892193, 0.5962994844617979, -0.7277706586521637, 0.3481032067247929],
          [-0.6395991994859944, 0.7272196319251112, 0.7835015916074575, -0.3671326630258399]]],
       @weights_side_future=
        [[[-0.524440263226257, -0.2779259892423177, 0.6752147450674906],
          [-0.0025639645013560974, 0.9698745773308493, 0.5781590109477752],
          [0.2070735909540049, 0.39334153043308495, -0.1461770850345877],
          [-0.011232975408424273, -0.10826471417528849, 0.9267752110226486]]],
       @weights_side_past=
        [[[0.7649639711701284, 0.33584730054240186, 0.7610846809059717],
          [0.0008069864937734206, -0.6982963667324373, 0.6740116773914717],
          [0.24038759306914326, -0.7122652708927331, -0.1223693685193813],
          [0.8122529077716818, 0.9387036537758728, -0.8891217263367435]]]>,
      #<Ai4cr::NeuralNetwork::Rnn::WeightSet::Local(Ai4cr::NeuralNetwork::Rnn::NodeSet::Input, Ai4cr::NeuralNetwork::Rnn::Channel::Input):0x7fced7ad0d80
       @bias=true,
       @center_input_node_set=
        #<Ai4cr::NeuralNetwork::Rnn::NodeSet::Input:0x7fced7ac9de0
         @state_qty=2,
         @state_range=0..1,
         @state_values=[0.0, 0.0]>,
       @dendrite_offsets=[1],
       @output_channel=
        #<Ai4cr::NeuralNetwork::Rnn::Channel::Local:0x7fced7ac1bc0
         @dendrite_offsets=[1],
         @node_sets=
          [#<Ai4cr::NeuralNetwork::Rnn::NodeSet::Hidden:0x7fced7ac4d90
            @memory_corrected_values_set=[[0.0, 0.0, 0.0, 0.0], [0.0, 0.0, 0.0, 0.0]],
            @memory_deltas_set=[[0.0, 0.0, 0.0, 0.0], [0.0, 0.0, 0.0, 0.0]],
            @memory_errors_set=[[0.0, 0.0, 0.0, 0.0], [0.0, 0.0, 0.0, 0.0]],
            @memory_qty=2,
            @memory_range=0..1,
            @memory_values_set=[[0.0, 0.0, 0.0, 0.0], [0.0, 0.0, 0.0, 0.0]],
            @state_corrected_values=[0.0, 0.0, 0.0, 0.0],
            @state_deltas=[0.0, 0.0, 0.0, 0.0],
            @state_errors=[0.0, 0.0, 0.0, 0.0],
            @state_qty=4,
            @state_range=0..3,
            @state_values=[0.0, 0.0, 0.0, 0.0]>,
           #<Ai4cr::NeuralNetwork::Rnn::NodeSet::Hidden:0x7fced7ac4d20
            @memory_corrected_values_set=[[0.0, 0.0, 0.0, 0.0], [0.0, 0.0, 0.0, 0.0]],
            @memory_deltas_set=[[0.0, 0.0, 0.0, 0.0], [0.0, 0.0, 0.0, 0.0]],
            @memory_errors_set=[[0.0, 0.0, 0.0, 0.0], [0.0, 0.0, 0.0, 0.0]],
            @memory_qty=2,
            @memory_range=0..1,
            @memory_values_set=[[0.0, 0.0, 0.0, 0.0], [0.0, 0.0, 0.0, 0.0]],
            @state_corrected_values=[0.0, 0.0, 0.0, 0.0],
            @state_deltas=[0.0, 0.0, 0.0, 0.0],
            @state_errors=[0.0, 0.0, 0.0, 0.0],
            @state_qty=4,
            @state_range=0..3,
            @state_values=[0.0, 0.0, 0.0, 0.0]>,
           #<Ai4cr::NeuralNetwork::Rnn::NodeSet::Hidden:0x7fced7ac4cb0
            @memory_corrected_values_set=[[0.0, 0.0, 0.0, 0.0], [0.0, 0.0, 0.0, 0.0]],
            @memory_deltas_set=[[0.0, 0.0, 0.0, 0.0], [0.0, 0.0, 0.0, 0.0]],
            @memory_errors_set=[[0.0, 0.0, 0.0, 0.0], [0.0, 0.0, 0.0, 0.0]],
            @memory_qty=2,
            @memory_range=0..1,
            @memory_values_set=[[0.0, 0.0, 0.0, 0.0], [0.0, 0.0, 0.0, 0.0]],
            @state_corrected_values=[0.0, 0.0, 0.0, 0.0],
            @state_deltas=[0.0, 0.0, 0.0, 0.0],
            @state_errors=[0.0, 0.0, 0.0, 0.0],
            @state_qty=4,
            @state_range=0..3,
            @state_values=[0.0, 0.0, 0.0, 0.0]>,
           #<Ai4cr::NeuralNetwork::Rnn::NodeSet::Hidden:0x7fced7ac4c40
            @memory_corrected_values_set=[[0.0, 0.0, 0.0, 0.0], [0.0, 0.0, 0.0, 0.0]],
            @memory_deltas_set=[[0.0, 0.0, 0.0, 0.0], [0.0, 0.0, 0.0, 0.0]],
            @memory_errors_set=[[0.0, 0.0, 0.0, 0.0], [0.0, 0.0, 0.0, 0.0]],
            @memory_qty=2,
            @memory_range=0..1,
            @memory_values_set=[[0.0, 0.0, 0.0, 0.0], [0.0, 0.0, 0.0, 0.0]],
            @state_corrected_values=[0.0, 0.0, 0.0, 0.0],
            @state_deltas=[0.0, 0.0, 0.0, 0.0],
            @state_errors=[0.0, 0.0, 0.0, 0.0],
            @state_qty=4,
            @state_range=0..3,
            @state_values=[0.0, 0.0, 0.0, 0.0]>],
         @state_qty=4,
         @time_column_qty=4,
         @time_column_range=0..3>,
       @output_node_set=
        #<Ai4cr::NeuralNetwork::Rnn::NodeSet::Hidden:0x7fced7ac4c40
         @memory_corrected_values_set=[[0.0, 0.0, 0.0, 0.0], [0.0, 0.0, 0.0, 0.0]],
         @memory_deltas_set=[[0.0, 0.0, 0.0, 0.0], [0.0, 0.0, 0.0, 0.0]],
         @memory_errors_set=[[0.0, 0.0, 0.0, 0.0], [0.0, 0.0, 0.0, 0.0]],
         @memory_qty=2,
         @memory_range=0..1,
         @memory_values_set=[[0.0, 0.0, 0.0, 0.0], [0.0, 0.0, 0.0, 0.0]],
         @state_corrected_values=[0.0, 0.0, 0.0, 0.0],
         @state_deltas=[0.0, 0.0, 0.0, 0.0],
         @state_errors=[0.0, 0.0, 0.0, 0.0],
         @state_qty=4,
         @state_range=0..3,
         @state_values=[0.0, 0.0, 0.0, 0.0]>,
       @previous_layer_output_channel=
        #<Ai4cr::NeuralNetwork::Rnn::Channel::Input:0x7fced7ac1c00
         @dendrite_offsets=[1],
         @node_sets=
          [#<Ai4cr::NeuralNetwork::Rnn::NodeSet::Input:0x7fced7ac9e70
            @state_qty=2,
            @state_range=0..1,
            @state_values=[0.0, 0.0]>,
           #<Ai4cr::NeuralNetwork::Rnn::NodeSet::Input:0x7fced7ac9e40
            @state_qty=2,
            @state_range=0..1,
            @state_values=[0.0, 0.0]>,
           #<Ai4cr::NeuralNetwork::Rnn::NodeSet::Input:0x7fced7ac9e10
            @state_qty=2,
            @state_range=0..1,
            @state_values=[0.0, 0.0]>,
           #<Ai4cr::NeuralNetwork::Rnn::NodeSet::Input:0x7fced7ac9de0
            @state_qty=2,
            @state_range=0..1,
            @state_values=[0.0, 0.0]>],
         @state_qty=2,
         @time_column_qty=4,
         @time_column_range=0..3>,
       @side_future_input_node_sets=[],
       @side_past_input_node_sets=
        [#<Ai4cr::NeuralNetwork::Rnn::NodeSet::Input:0x7fced7ac9de0
          @state_qty=2,
          @state_range=0..1,
          @state_values=[0.0, 0.0]>],
       @time_column_index=3,
       @time_column_index_future_offsets=[],
       @time_column_index_past_offsets=[-1],
       @weights_center_input_node_set=
        [[-0.2638017814892929, -0.6959407469017873, -0.4447057926618986],
         [0.7673457501316849, -0.4117385593616939, 0.44781715725952886],
         [0.5939612335201969, 0.5693395236804746, -0.638582826346463],
         [0.6905237662596058, -0.8624350549061526, 0.5105511547930777]],
       @weights_memory=
        [[[0.5186160068297534, 0.4291506090395818, -0.9457574968358513, -0.3078886772555097],
          [0.8503135806568372, 0.7108443333763752, 0.07501233922200257, 0.11957256081424328],
          [0.7167843653391399, 0.16865450619170308, 0.4949843745200815, -0.540932936766523],
          [-0.9897577120971908, 0.23857124039596012, -0.5468256849832287, 0.627085176610138]],
         [[-0.8009610050932747, 0.20342981821942718, 0.857817030081093, -0.04300317080487159],
          [-0.7169586949420232, -0.634529716209099, 0.585294627491183, -0.40624215419404563],
          [-0.3662521919809535, 0.8425713195837075, 0.2646235595235651, -0.9118039045307289],
          [-0.5626655505597336, 0.18711145229432424, 0.2604806858832929, 0.4634128747743831]]],
       @weights_side_future=[],
       @weights_side_past=
        [[[0.7273472453872134, 0.7017810596869114, -0.2923646947302766],
          [-0.43232350239283635, -0.46244236527356397, 0.6663241639328445],
          [-0.937179127761137, -0.7829600496254512, -0.9457265133228854],
          [0.7950943627641971, 0.23516508214787057, 0.8724776043770321]]]>]>],
 @hidden_state_qty=4,
 @input_state_qty=2,
 @memory_layer_qty=2,
 @output_state_qty=3,
 @output_winner_qty=1,
 @time_column_qty=4>
