********************
exp # => 0
f = 10.0 ** (-exp) # => 1.0
f # => 1.0
j # => "1.0"
f2 # => 1.0
********************
exp # => 1
f = 10.0 ** (-exp) # => 0.1
f # => 0.1
j # => "0.1"
f2 # => 0.1
********************
exp # => 2
f = 10.0 ** (-exp) # => 0.01
f # => 0.01
j # => "0.01"
f2 # => 0.01
********************
exp # => 3
f = 10.0 ** (-exp) # => 0.001
f # => 0.001
j # => "0.001"
f2 # => 0.001
********************
exp # => 4
f = 10.0 ** (-exp) # => 0.0001
f # => 0.0001
j # => "0.0001"
f2 # => 0.0001
********************
exp # => 5
f = 10.0 ** (-exp) # => 1.0e-5
f # => 1.0e-5
j # => "1.0e-5"
f2 # => 1.0e-5
********************
exp # => 6
f = 10.0 ** (-exp) # => 1.0e-6
f # => 1.0e-6
j # => "1.0e-6"
f2 # => 1.0e-6
********************
exp # => 7
f = 10.0 ** (-exp) # => 1.0e-7
f # => 1.0e-7
j # => "1.0e-7"
f2 # => 1.0e-7
********************
exp # => 8
f = 10.0 ** (-exp) # => 1.0e-8
f # => 1.0e-8
j # => "1.0e-8"
f2 # => 1.0e-8
********************
exp # => 9
f = 10.0 ** (-exp) # => 1.0e-9
f # => 1.0e-9
j # => "1.0e-9"
f2 # => 1.0e-9
********************
exp # => 10
f = 10.0 ** (-exp) # => 1.0e-10
f # => 1.0e-10
j # => "1.0e-10"
f2 # => 1.0e-10
********************
exp # => 11
f = 10.0 ** (-exp) # => 1.0e-11
f # => 1.0e-11
j # => "1.0e-11"
f2 # => 1.0e-11
********************
exp # => 12
f = 10.0 ** (-exp) # => 1.0e-12
f # => 1.0e-12
j # => "1.0e-12"
f2 # => 1.0e-12
********************
exp # => 13
f = 10.0 ** (-exp) # => 1.0e-13
f # => 1.0e-13
j # => "1.0e-13"
f2 # => 1.0e-13
********************
exp # => 14
f = 10.0 ** (-exp) # => 1.0e-14
f # => 1.0e-14
j # => "1.0e-14"
f2 # => 1.0e-14
********************
exp # => 15
f = 10.0 ** (-exp) # => 1.0e-15
f # => 1.0e-15
j # => "1.0e-15"
f2 # => 1.0e-15
********************
exp # => 16
f = 10.0 ** (-exp) # => 1.0e-16
f # => 1.0e-16
j # => "1.0e-16"
f2 # => 1.0e-16
********************
exp # => 17
f = 10.0 ** (-exp) # => 1.0e-17
f # => 1.0e-17
j # => "1.0e-17"
f2 # => 1.0e-17
********************
exp # => 18
f = 10.0 ** (-exp) # => 1.0e-18
f # => 1.0e-18
j # => "1.0e-18"
f2 # => 1.0e-18
********************
exp # => 19
f = 10.0 ** (-exp) # => 1.0e-19
f # => 1.0e-19
j # => "1.0e-19"
f2 # => 1.0e-19
********************
exp # => 20
f = 10.0 ** (-exp) # => 1.0e-20
f # => 1.0e-20
j # => "1.0e-20"
f2 # => 1.0e-20
********************
exp # => 21
f = 10.0 ** (-exp) # => 1.0e-21
f # => 1.0e-21
j # => "1.0e-21"
f2 # => 1.0e-21
********************
exp # => 22
f = 10.0 ** (-exp) # => 1.0e-22
f # => 1.0e-22
j # => "1.0e-22"
f2 # => 1.0e-22
********************
exp # => 23
f = 10.0 ** (-exp) # => 1.0000000000000001e-23
f # => 1.0000000000000001e-23
j # => "1.0000000000000001e-23"
f2 # => 1.0000000000000001e-23
********************
exp # => 24
f = 10.0 ** (-exp) # => 1.0000000000000001e-24
f # => 1.0000000000000001e-24
j # => "1.0000000000000001e-24"
f2 # => 1.0000000000000001e-24
********************
exp # => 25
f = 10.0 ** (-exp) # => 9.999999999999999e-26
f # => 9.999999999999999e-26
j # => "9.999999999999999e-26"
f2 # => 9.999999999999999e-26
********************
exp # => 26
f = 10.0 ** (-exp) # => 9.999999999999999e-27
f # => 9.999999999999999e-27
j # => "9.999999999999999e-27"
f2 # => 1.0e-26
********************
exp # => 27
f = 10.0 ** (-exp) # => 1.0e-27
f # => 1.0e-27
j # => "1.0e-27"
f2 # => 1.0e-27
********************
exp # => 28
f = 10.0 ** (-exp) # => 1.0000000000000001e-28
f # => 1.0000000000000001e-28
j # => "1.0000000000000001e-28"
f2 # => 1.0000000000000001e-28
********************
exp # => 29
f = 10.0 ** (-exp) # => 1.0000000000000001e-29
f # => 1.0000000000000001e-29
j # => "1.0000000000000001e-29"
f2 # => 1.0000000000000001e-29
********************
exp # => 30
f = 10.0 ** (-exp) # => 9.999999999999999e-31
f # => 9.999999999999999e-31
j # => "9.999999999999999e-31"
f2 # => 1.0e-30
********************
exp # => 31
f = 10.0 ** (-exp) # => 1.0e-31
f # => 1.0e-31
j # => "1.0e-31"
f2 # => 1.0e-31
********************
exp # => 32
f = 10.0 ** (-exp) # => 9.999999999999999e-33
f # => 9.999999999999999e-33
j # => "9.999999999999999e-33"
f2 # => 9.999999999999999e-33
********************
exp # => 33
f = 10.0 ** (-exp) # => 9.999999999999999e-34
f # => 9.999999999999999e-34
j # => "9.999999999999999e-34"
f2 # => 9.999999999999999e-34
********************
exp # => 34
f = 10.0 ** (-exp) # => 1.0e-34
f # => 1.0e-34
j # => "1.0e-34"
f2 # => 1.0e-34
********************
exp # => 35
f = 10.0 ** (-exp) # => 1.0e-35
f # => 1.0e-35
j # => "1.0e-35"
f2 # => 1.0e-35
********************
exp # => 36
f = 10.0 ** (-exp) # => 1.0e-36
f # => 1.0e-36
j # => "1.0e-36"
f2 # => 1.0e-36
********************
exp # => 37
f = 10.0 ** (-exp) # => 9.999999999999999e-38
f # => 9.999999999999999e-38
j # => "9.999999999999999e-38"
f2 # => 9.999999999999999e-38
********************
exp # => 38
f = 10.0 ** (-exp) # => 1.0e-38
f # => 1.0e-38
j # => "1.0e-38"
f2 # => 1.0e-38
********************
exp # => 39
f = 10.0 ** (-exp) # => 1.0e-39
f # => 1.0e-39
j # => "1.0e-39"
f2 # => 1.0e-39
********************
exp # => 40
f = 10.0 ** (-exp) # => 1.0e-40
f # => 1.0e-40
j # => "1.0e-40"
f2 # => 1.0e-40
********************
exp # => 41
f = 10.0 ** (-exp) # => 1.0e-41
f # => 1.0e-41
j # => "1.0e-41"
f2 # => 1.0e-41
********************
exp # => 42
f = 10.0 ** (-exp) # => 9.999999999999999e-43
f # => 9.999999999999999e-43
j # => "9.999999999999999e-43"
f2 # => 1.0e-42
********************
exp # => 43
f = 10.0 ** (-exp) # => 1.0e-43
f # => 1.0e-43
j # => "1.0e-43"
f2 # => 1.0e-43
********************
exp # => 44
f = 10.0 ** (-exp) # => 1.0e-44
f # => 1.0e-44
j # => "1.0e-44"
f2 # => 1.0e-44
********************
exp # => 45
f = 10.0 ** (-exp) # => 1.0e-45
f # => 1.0e-45
j # => "1.0e-45"
f2 # => 1.0e-45
********************
exp # => 46
f = 10.0 ** (-exp) # => 1.0e-46
f # => 1.0e-46
j # => "1.0e-46"
f2 # => 1.0e-46
********************
exp # => 47
f = 10.0 ** (-exp) # => 1.0e-47
f # => 1.0e-47
j # => "1.0e-47"
f2 # => 1.0e-47
********************
exp # => 48
f = 10.0 ** (-exp) # => 1.0e-48
f # => 1.0e-48
j # => "1.0e-48"
f2 # => 1.0e-48
********************
exp # => 49
f = 10.0 ** (-exp) # => 1.0e-49
f # => 1.0e-49
j # => "1.0e-49"
f2 # => 1.0e-49
********************
exp # => 50
f = 10.0 ** (-exp) # => 9.999999999999999e-51
f # => 9.999999999999999e-51
j # => "9.999999999999999e-51"
f2 # => 1.0e-50
********************
exp # => 51
f = 10.0 ** (-exp) # => 1.0e-51
f # => 1.0e-51
j # => "1.0e-51"
f2 # => 1.0e-51
********************
exp # => 52
f = 10.0 ** (-exp) # => 1.0e-52
f # => 1.0e-52
j # => "1.0e-52"
f2 # => 1.0e-52
********************
exp # => 53
f = 10.0 ** (-exp) # => 1.0e-53
f # => 1.0e-53
j # => "1.0e-53"
f2 # => 1.0e-53
********************
exp # => 54
f = 10.0 ** (-exp) # => 9.999999999999999e-55
f # => 9.999999999999999e-55
j # => "9.999999999999999e-55"
f2 # => 1.0e-54
********************
exp # => 55
f = 10.0 ** (-exp) # => 1.0e-55
f # => 1.0e-55
j # => "1.0e-55"
f2 # => 1.0e-55
********************
exp # => 56
f = 10.0 ** (-exp) # => 9.999999999999999e-57
f # => 9.999999999999999e-57
j # => "9.999999999999999e-57"
f2 # => 9.999999999999998e-57
********************
exp # => 57
f = 10.0 ** (-exp) # => 9.999999999999998e-58
f # => 9.999999999999998e-58
j # => "9.999999999999998e-58"
f2 # => 9.999999999999997e-58
********************
exp # => 58
f = 10.0 ** (-exp) # => 9.999999999999998e-59
f # => 9.999999999999998e-59
j # => "9.999999999999998e-59"
f2 # => 9.999999999999998e-59
********************
exp # => 59
f = 10.0 ** (-exp) # => 1.0e-59
f # => 1.0e-59
j # => "1.0e-59"
f2 # => 1.0e-59
********************
exp # => 60
f = 10.0 ** (-exp) # => 1.0000000000000001e-60
f # => 1.0000000000000001e-60
j # => "1.0000000000000001e-60"
f2 # => 1.0000000000000001e-60
********************
exp # => 61
f = 10.0 ** (-exp) # => 1.0e-61
f # => 1.0e-61
j # => "1.0e-61"
f2 # => 1.0e-61
********************
exp # => 62
f = 10.0 ** (-exp) # => 1.0e-62
f # => 1.0e-62
j # => "1.0e-62"
f2 # => 1.0e-62
********************
exp # => 63
f = 10.0 ** (-exp) # => 9.999999999999999e-64
f # => 9.999999999999999e-64
j # => "9.999999999999999e-64"
f2 # => 9.999999999999998e-64
********************
exp # => 64
f = 10.0 ** (-exp) # => 9.999999999999998e-65
f # => 9.999999999999998e-65
j # => "9.999999999999998e-65"
f2 # => 9.999999999999995e-65
********************
exp # => 65
f = 10.0 ** (-exp) # => 9.999999999999997e-66
f # => 9.999999999999997e-66
j # => "9.999999999999997e-66"
f2 # => 9.999999999999995e-66
********************
exp # => 66
f = 10.0 ** (-exp) # => 9.999999999999998e-67
f # => 9.999999999999998e-67
j # => "9.999999999999998e-67"
f2 # => 9.999999999999997e-67
********************
exp # => 67
f = 10.0 ** (-exp) # => 1.0e-67
f # => 1.0e-67
j # => "1.0e-67"
f2 # => 1.0e-67
********************
exp # => 68
f = 10.0 ** (-exp) # => 9.999999999999999e-69
f # => 9.999999999999999e-69
j # => "9.999999999999999e-69"
f2 # => 9.999999999999999e-69
********************
exp # => 69
f = 10.0 ** (-exp) # => 1.0e-69
f # => 1.0e-69
j # => "1.0e-69"
f2 # => 1.0e-69
********************
exp # => 70
f = 10.0 ** (-exp) # => 9.999999999999998e-71
f # => 9.999999999999998e-71
j # => "9.999999999999998e-71"
f2 # => 9.999999999999997e-71
********************
exp # => 71
f = 10.0 ** (-exp) # => 1.0e-71
f # => 1.0e-71
j # => "1.0e-71"
f2 # => 1.0e-71
********************
exp # => 72
f = 10.0 ** (-exp) # => 9.999999999999998e-73
f # => 9.999999999999998e-73
j # => "9.999999999999998e-73"
f2 # => 9.999999999999997e-73
********************
exp # => 73
f = 10.0 ** (-exp) # => 9.999999999999998e-74
f # => 9.999999999999998e-74
j # => "9.999999999999998e-74"
f2 # => 9.999999999999995e-74
********************
exp # => 74
f = 10.0 ** (-exp) # => 9.999999999999998e-75
f # => 9.999999999999998e-75
j # => "9.999999999999998e-75"
f2 # => 9.999999999999996e-75
********************
exp # => 75
f = 10.0 ** (-exp) # => 9.999999999999998e-76
f # => 9.999999999999998e-76
j # => "9.999999999999998e-76"
f2 # => 9.999999999999996e-76
********************
exp # => 76
f = 10.0 ** (-exp) # => 9.999999999999998e-77
f # => 9.999999999999998e-77
j # => "9.999999999999998e-77"
f2 # => 9.999999999999998e-77
********************
exp # => 77
f = 10.0 ** (-exp) # => 1.0e-77
f # => 1.0e-77
j # => "1.0e-77"
f2 # => 1.0e-77
********************
exp # => 78
f = 10.0 ** (-exp) # => 9.999999999999998e-79
f # => 9.999999999999998e-79
j # => "9.999999999999998e-79"
f2 # => 9.999999999999996e-79
********************
exp # => 79
f = 10.0 ** (-exp) # => 9.999999999999998e-80
f # => 9.999999999999998e-80
j # => "9.999999999999998e-80"
f2 # => 9.999999999999998e-80
********************
exp # => 80
f = 10.0 ** (-exp) # => 1.0e-80
f # => 1.0e-80
j # => "1.0e-80"
f2 # => 1.0e-80
********************
exp # => 81
f = 10.0 ** (-exp) # => 9.999999999999998e-82
f # => 9.999999999999998e-82
j # => "9.999999999999998e-82"
f2 # => 9.999999999999996e-82
********************
exp # => 82
f = 10.0 ** (-exp) # => 9.999999999999998e-83
f # => 9.999999999999998e-83
j # => "9.999999999999998e-83"
f2 # => 9.999999999999997e-83
********************
exp # => 83
f = 10.0 ** (-exp) # => 9.999999999999999e-84
f # => 9.999999999999999e-84
j # => "9.999999999999999e-84"
f2 # => 9.999999999999997e-84
********************
exp # => 84
f = 10.0 ** (-exp) # => 9.999999999999997e-85
f # => 9.999999999999997e-85
j # => "9.999999999999997e-85"
f2 # => 9.999999999999995e-85
********************
exp # => 85
f = 10.0 ** (-exp) # => 9.999999999999998e-86
f # => 9.999999999999998e-86
j # => "9.999999999999998e-86"
f2 # => 9.999999999999997e-86
********************
exp # => 86
f = 10.0 ** (-exp) # => 9.999999999999999e-87
f # => 9.999999999999999e-87
j # => "9.999999999999999e-87"
f2 # => 9.999999999999997e-87
********************
exp # => 87
f = 10.0 ** (-exp) # => 9.999999999999998e-88
f # => 9.999999999999998e-88
j # => "9.999999999999998e-88"
f2 # => 9.999999999999996e-88
********************
exp # => 88
f = 10.0 ** (-exp) # => 9.999999999999998e-89
f # => 9.999999999999998e-89
j # => "9.999999999999998e-89"
f2 # => 9.999999999999995e-89
********************
exp # => 89
f = 10.0 ** (-exp) # => 9.999999999999997e-90
f # => 9.999999999999997e-90
j # => "9.999999999999997e-90"
f2 # => 9.999999999999993e-90
********************
exp # => 90
f = 10.0 ** (-exp) # => 9.999999999999998e-91
f # => 9.999999999999998e-91
j # => "9.999999999999998e-91"
f2 # => 9.999999999999996e-91
********************
exp # => 91
f = 10.0 ** (-exp) # => 9.999999999999997e-92
f # => 9.999999999999997e-92
j # => "9.999999999999997e-92"
f2 # => 9.999999999999995e-92
********************
exp # => 92
f = 10.0 ** (-exp) # => 9.999999999999998e-93
f # => 9.999999999999998e-93
j # => "9.999999999999998e-93"
f2 # => 9.999999999999996e-93
********************
exp # => 93
f = 10.0 ** (-exp) # => 1.0e-93
f # => 1.0e-93
j # => "1.0e-93"
f2 # => 1.0e-93
********************
exp # => 94
f = 10.0 ** (-exp) # => 9.999999999999998e-95
f # => 9.999999999999998e-95
j # => "9.999999999999998e-95"
f2 # => 9.999999999999997e-95
********************
exp # => 95
f = 10.0 ** (-exp) # => 9.999999999999998e-96
f # => 9.999999999999998e-96
j # => "9.999999999999998e-96"
f2 # => 9.999999999999997e-96
********************
exp # => 96
f = 10.0 ** (-exp) # => 1.0e-96
f # => 1.0e-96
j # => "1.0e-96"
f2 # => 1.0e-96
********************
exp # => 97
f = 10.0 ** (-exp) # => 9.999999999999998e-98
f # => 9.999999999999998e-98
j # => "9.999999999999998e-98"
f2 # => 9.999999999999996e-98
********************
exp # => 98
f = 10.0 ** (-exp) # => 9.999999999999998e-99
f # => 9.999999999999998e-99
j # => "9.999999999999998e-99"
f2 # => 9.999999999999996e-99
********************
exp # => 99
f = 10.0 ** (-exp) # => 9.999999999999998e-100
f # => 9.999999999999998e-100
j # => "9.999999999999998e-100"
f2 # => 9.999999999999996e-100
********************
exp # => 100
f = 10.0 ** (-exp) # => 9.999999999999998e-101
f # => 9.999999999999998e-101
j # => "9.999999999999998e-101"
f2 # => 9.999999999999995e-101
********************
exp # => 101
f = 10.0 ** (-exp) # => 9.999999999999997e-102
f # => 9.999999999999997e-102
j # => "9.999999999999997e-102"
f2 # => 9.999999999999996e-102
********************
exp # => 102
f = 10.0 ** (-exp) # => 1.0e-102
f # => 1.0e-102
j # => "1.0e-102"
f2 # => 1.0e-102
********************
exp # => 103
f = 10.0 ** (-exp) # => 9.999999999999998e-104
f # => 9.999999999999998e-104
j # => "9.999999999999998e-104"
f2 # => 9.999999999999996e-104
********************
exp # => 104
f = 10.0 ** (-exp) # => 9.999999999999998e-105
f # => 9.999999999999998e-105
j # => "9.999999999999998e-105"
f2 # => 9.999999999999996e-105
********************
exp # => 105
f = 10.0 ** (-exp) # => 9.999999999999998e-106
f # => 9.999999999999998e-106
j # => "9.999999999999998e-106"
f2 # => 9.999999999999996e-106
********************
exp # => 106
f = 10.0 ** (-exp) # => 9.999999999999997e-107
f # => 9.999999999999997e-107
j # => "9.999999999999997e-107"
f2 # => 9.999999999999995e-107
********************
exp # => 107
f = 10.0 ** (-exp) # => 9.999999999999999e-108
f # => 9.999999999999999e-108
j # => "9.999999999999999e-108"
f2 # => 9.999999999999997e-108
********************
exp # => 108
f = 10.0 ** (-exp) # => 9.999999999999997e-109
f # => 9.999999999999997e-109
j # => "9.999999999999997e-109"
f2 # => 9.999999999999995e-109
********************
exp # => 109
f = 10.0 ** (-exp) # => 9.999999999999998e-110
f # => 9.999999999999998e-110
j # => "9.999999999999998e-110"
f2 # => 9.999999999999995e-110
********************
exp # => 110
f = 10.0 ** (-exp) # => 9.999999999999998e-111
f # => 9.999999999999998e-111
j # => "9.999999999999998e-111"
f2 # => 9.999999999999996e-111
********************
exp # => 111
f = 10.0 ** (-exp) # => 9.999999999999997e-112
f # => 9.999999999999997e-112
j # => "9.999999999999997e-112"
f2 # => 9.999999999999995e-112
********************
exp # => 112
f = 10.0 ** (-exp) # => 9.999999999999998e-113
f # => 9.999999999999998e-113
j # => "9.999999999999998e-113"
f2 # => 9.999999999999996e-113
********************
exp # => 113
f = 10.0 ** (-exp) # => 9.999999999999998e-114
f # => 9.999999999999998e-114
j # => "9.999999999999998e-114"
f2 # => 9.999999999999995e-114
********************
exp # => 114
f = 10.0 ** (-exp) # => 9.999999999999997e-115
f # => 9.999999999999997e-115
j # => "9.999999999999997e-115"
f2 # => 9.999999999999993e-115
********************
exp # => 115
f = 10.0 ** (-exp) # => 9.999999999999997e-116
f # => 9.999999999999997e-116
j # => "9.999999999999997e-116"
f2 # => 9.999999999999995e-116
********************
exp # => 116
f = 10.0 ** (-exp) # => 9.999999999999999e-117
f # => 9.999999999999999e-117
j # => "9.999999999999999e-117"
f2 # => 9.999999999999999e-117
********************
exp # => 117
f = 10.0 ** (-exp) # => 9.999999999999999e-118
f # => 9.999999999999999e-118
j # => "9.999999999999999e-118"
f2 # => 9.999999999999999e-118
********************
exp # => 118
f = 10.0 ** (-exp) # => 9.999999999999998e-119
f # => 9.999999999999998e-119
j # => "9.999999999999998e-119"
f2 # => 9.999999999999998e-119
********************
exp # => 119
f = 10.0 ** (-exp) # => 9.999999999999999e-120
f # => 9.999999999999999e-120
j # => "9.999999999999999e-120"
f2 # => 9.999999999999999e-120
********************
exp # => 120
f = 10.0 ** (-exp) # => 9.999999999999998e-121
f # => 9.999999999999998e-121
j # => "9.999999999999998e-121"
f2 # => 9.999999999999993e-121
********************
exp # => 121
f = 10.0 ** (-exp) # => 9.999999999999995e-122
f # => 9.999999999999995e-122
j # => "9.999999999999995e-122"
f2 # => 9.999999999999993e-122
********************
exp # => 122
f = 10.0 ** (-exp) # => 9.999999999999998e-123
f # => 9.999999999999998e-123
j # => "9.999999999999998e-123"
f2 # => 9.999999999999995e-123
********************
exp # => 123
f = 10.0 ** (-exp) # => 9.999999999999997e-124
f # => 9.999999999999997e-124
j # => "9.999999999999997e-124"
f2 # => 9.999999999999996e-124
********************
exp # => 124
f = 10.0 ** (-exp) # => 1.0e-124
f # => 1.0e-124
j # => "1.0e-124"
f2 # => 1.0e-124
********************
exp # => 125
f = 10.0 ** (-exp) # => 9.999999999999999e-126
f # => 9.999999999999999e-126
j # => "9.999999999999999e-126"
f2 # => 9.999999999999997e-126
********************
exp # => 126
f = 10.0 ** (-exp) # => 9.999999999999998e-127
f # => 9.999999999999998e-127
j # => "9.999999999999998e-127"
f2 # => 9.999999999999996e-127
********************
exp # => 127
f = 10.0 ** (-exp) # => 9.999999999999998e-128
f # => 9.999999999999998e-128
j # => "9.999999999999998e-128"
f2 # => 9.999999999999994e-128
********************
exp # => 128
f = 10.0 ** (-exp) # => 9.999999999999997e-129
f # => 9.999999999999997e-129
j # => "9.999999999999997e-129"
f2 # => 9.999999999999994e-129
********************
exp # => 129
f = 10.0 ** (-exp) # => 9.999999999999998e-130
f # => 9.999999999999998e-130
j # => "9.999999999999998e-130"
f2 # => 9.999999999999994e-130
********************
exp # => 130
f = 10.0 ** (-exp) # => 9.999999999999997e-131
f # => 9.999999999999997e-131
j # => "9.999999999999997e-131"
f2 # => 9.999999999999993e-131
********************
exp # => 131
f = 10.0 ** (-exp) # => 9.999999999999997e-132
f # => 9.999999999999997e-132
j # => "9.999999999999997e-132"
f2 # => 9.999999999999994e-132
********************
exp # => 132
f = 10.0 ** (-exp) # => 9.999999999999997e-133
f # => 9.999999999999997e-133
j # => "9.999999999999997e-133"
f2 # => 9.999999999999994e-133
********************
exp # => 133
f = 10.0 ** (-exp) # => 9.999999999999997e-134
f # => 9.999999999999997e-134
j # => "9.999999999999997e-134"
f2 # => 9.999999999999993e-134
********************
exp # => 134
f = 10.0 ** (-exp) # => 9.999999999999997e-135
f # => 9.999999999999997e-135
j # => "9.999999999999997e-135"
f2 # => 9.999999999999994e-135
********************
exp # => 135
f = 10.0 ** (-exp) # => 9.999999999999997e-136
f # => 9.999999999999997e-136
j # => "9.999999999999997e-136"
f2 # => 9.999999999999993e-136
********************
exp # => 136
f = 10.0 ** (-exp) # => 9.999999999999996e-137
f # => 9.999999999999996e-137
j # => "9.999999999999996e-137"
f2 # => 9.999999999999994e-137
********************
exp # => 137
f = 10.0 ** (-exp) # => 9.999999999999997e-138
f # => 9.999999999999997e-138
j # => "9.999999999999997e-138"
f2 # => 9.999999999999994e-138
********************
exp # => 138
f = 10.0 ** (-exp) # => 9.999999999999998e-139
f # => 9.999999999999998e-139
j # => "9.999999999999998e-139"
f2 # => 9.999999999999995e-139
********************
exp # => 139
f = 10.0 ** (-exp) # => 9.999999999999997e-140
f # => 9.999999999999997e-140
j # => "9.999999999999997e-140"
f2 # => 9.999999999999995e-140
********************
exp # => 140
f = 10.0 ** (-exp) # => 9.999999999999998e-141
f # => 9.999999999999998e-141
j # => "9.999999999999998e-141"
f2 # => 9.999999999999995e-141
********************
exp # => 141
f = 10.0 ** (-exp) # => 9.999999999999998e-142
f # => 9.999999999999998e-142
j # => "9.999999999999998e-142"
f2 # => 9.999999999999995e-142
********************
exp # => 142
f = 10.0 ** (-exp) # => 9.999999999999997e-143
f # => 9.999999999999997e-143
j # => "9.999999999999997e-143"
f2 # => 9.999999999999993e-143
********************
exp # => 143
f = 10.0 ** (-exp) # => 9.999999999999997e-144
f # => 9.999999999999997e-144
j # => "9.999999999999997e-144"
f2 # => 9.999999999999995e-144
********************
exp # => 144
f = 10.0 ** (-exp) # => 9.999999999999998e-145
f # => 9.999999999999998e-145
j # => "9.999999999999998e-145"
f2 # => 9.999999999999995e-145
********************
exp # => 145
f = 10.0 ** (-exp) # => 9.999999999999997e-146
f # => 9.999999999999997e-146
j # => "9.999999999999997e-146"
f2 # => 9.999999999999992e-146
********************
exp # => 146
f = 10.0 ** (-exp) # => 9.999999999999996e-147
f # => 9.999999999999996e-147
j # => "9.999999999999996e-147"
f2 # => 9.999999999999994e-147
********************
exp # => 147
f = 10.0 ** (-exp) # => 9.999999999999997e-148
f # => 9.999999999999997e-148
j # => "9.999999999999997e-148"
f2 # => 9.999999999999993e-148
********************
exp # => 148
f = 10.0 ** (-exp) # => 9.999999999999996e-149
f # => 9.999999999999996e-149
j # => "9.999999999999996e-149"
f2 # => 9.999999999999994e-149
********************
exp # => 149
f = 10.0 ** (-exp) # => 9.999999999999998e-150
f # => 9.999999999999998e-150
j # => "9.999999999999998e-150"
f2 # => 9.999999999999993e-150
********************
exp # => 150
f = 10.0 ** (-exp) # => 9.999999999999996e-151
f # => 9.999999999999996e-151
j # => "9.999999999999996e-151"
f2 # => 9.999999999999995e-151
********************
exp # => 151
f = 10.0 ** (-exp) # => 9.999999999999998e-152
f # => 9.999999999999998e-152
j # => "9.999999999999998e-152"
f2 # => 9.999999999999994e-152
********************
exp # => 152
f = 10.0 ** (-exp) # => 9.999999999999996e-153
f # => 9.999999999999996e-153
j # => "9.999999999999996e-153"
f2 # => 9.999999999999992e-153
********************
exp # => 153
f = 10.0 ** (-exp) # => 9.999999999999996e-154
f # => 9.999999999999996e-154
j # => "9.999999999999996e-154"
f2 # => 9.999999999999992e-154
********************
exp # => 154
f = 10.0 ** (-exp) # => 9.999999999999996e-155
f # => 9.999999999999996e-155
j # => "9.999999999999996e-155"
f2 # => 9.999999999999995e-155
********************
exp # => 155
f = 10.0 ** (-exp) # => 9.999999999999998e-156
f # => 9.999999999999998e-156
j # => "9.999999999999998e-156"
f2 # => 9.999999999999996e-156
********************
exp # => 156
f = 10.0 ** (-exp) # => 9.999999999999998e-157
f # => 9.999999999999998e-157
j # => "9.999999999999998e-157"
f2 # => 9.999999999999998e-157
********************
exp # => 157
f = 10.0 ** (-exp) # => 1.0e-157
f # => 1.0e-157
j # => "1.0e-157"
f2 # => 1.0e-157
********************
exp # => 158
f = 10.0 ** (-exp) # => 9.999999999999997e-159
f # => 9.999999999999997e-159
j # => "9.999999999999997e-159"
f2 # => 9.999999999999995e-159
********************
exp # => 159
f = 10.0 ** (-exp) # => 9.999999999999997e-160
f # => 9.999999999999997e-160
j # => "9.999999999999997e-160"
f2 # => 9.999999999999994e-160
********************
exp # => 160
f = 10.0 ** (-exp) # => 9.999999999999997e-161
f # => 9.999999999999997e-161
j # => "9.999999999999997e-161"
f2 # => 9.999999999999994e-161
********************
exp # => 161
f = 10.0 ** (-exp) # => 9.999999999999996e-162
f # => 9.999999999999996e-162
j # => "9.999999999999996e-162"
f2 # => 9.999999999999994e-162
********************
exp # => 162
f = 10.0 ** (-exp) # => 9.999999999999997e-163
f # => 9.999999999999997e-163
j # => "9.999999999999997e-163"
f2 # => 9.999999999999995e-163
********************
exp # => 163
f = 10.0 ** (-exp) # => 9.999999999999998e-164
f # => 9.999999999999998e-164
j # => "9.999999999999998e-164"
f2 # => 9.999999999999996e-164
********************
exp # => 164
f = 10.0 ** (-exp) # => 9.999999999999998e-165
f # => 9.999999999999998e-165
j # => "9.999999999999998e-165"
f2 # => 9.999999999999994e-165
********************
exp # => 165
f = 10.0 ** (-exp) # => 9.999999999999996e-166
f # => 9.999999999999996e-166
j # => "9.999999999999996e-166"
f2 # => 9.999999999999994e-166
********************
exp # => 166
f = 10.0 ** (-exp) # => 9.999999999999997e-167
f # => 9.999999999999997e-167
j # => "9.999999999999997e-167"
f2 # => 9.999999999999993e-167
********************
exp # => 167
f = 10.0 ** (-exp) # => 9.999999999999996e-168
f # => 9.999999999999996e-168
j # => "9.999999999999996e-168"
f2 # => 9.999999999999992e-168
********************
exp # => 168
f = 10.0 ** (-exp) # => 9.999999999999997e-169
f # => 9.999999999999997e-169
j # => "9.999999999999997e-169"
f2 # => 9.999999999999993e-169
********************
exp # => 169
f = 10.0 ** (-exp) # => 9.999999999999997e-170
f # => 9.999999999999997e-170
j # => "9.999999999999997e-170"
f2 # => 9.999999999999993e-170
********************
exp # => 170
f = 10.0 ** (-exp) # => 9.999999999999996e-171
f # => 9.999999999999996e-171
j # => "9.999999999999996e-171"
f2 # => 9.999999999999992e-171
********************
exp # => 171
f = 10.0 ** (-exp) # => 9.999999999999996e-172
f # => 9.999999999999996e-172
j # => "9.999999999999996e-172"
f2 # => 9.999999999999993e-172
********************
exp # => 172
f = 10.0 ** (-exp) # => 9.999999999999996e-173
f # => 9.999999999999996e-173
j # => "9.999999999999996e-173"
f2 # => 9.999999999999993e-173
********************
exp # => 173
f = 10.0 ** (-exp) # => 9.999999999999997e-174
f # => 9.999999999999997e-174
j # => "9.999999999999997e-174"
f2 # => 9.999999999999993e-174
********************
exp # => 174
f = 10.0 ** (-exp) # => 9.999999999999997e-175
f # => 9.999999999999997e-175
j # => "9.999999999999997e-175"
f2 # => 9.999999999999993e-175
********************
exp # => 175
f = 10.0 ** (-exp) # => 9.999999999999997e-176
f # => 9.999999999999997e-176
j # => "9.999999999999997e-176"
f2 # => 9.999999999999993e-176
********************
exp # => 176
f = 10.0 ** (-exp) # => 9.999999999999996e-177
f # => 9.999999999999996e-177
j # => "9.999999999999996e-177"
f2 # => 9.999999999999993e-177
********************
exp # => 177
f = 10.0 ** (-exp) # => 9.999999999999997e-178
f # => 9.999999999999997e-178
j # => "9.999999999999997e-178"
f2 # => 9.999999999999993e-178
********************
exp # => 178
f = 10.0 ** (-exp) # => 9.999999999999995e-179
f # => 9.999999999999995e-179
j # => "9.999999999999995e-179"
f2 # => 9.999999999999993e-179
********************
exp # => 179
f = 10.0 ** (-exp) # => 9.999999999999997e-180
f # => 9.999999999999997e-180
j # => "9.999999999999997e-180"
f2 # => 9.999999999999995e-180
********************
exp # => 180
f = 10.0 ** (-exp) # => 9.999999999999998e-181
f # => 9.999999999999998e-181
j # => "9.999999999999998e-181"
f2 # => 9.999999999999996e-181
********************
exp # => 181
f = 10.0 ** (-exp) # => 9.999999999999998e-182
f # => 9.999999999999998e-182
j # => "9.999999999999998e-182"
f2 # => 9.999999999999995e-182
********************
exp # => 182
f = 10.0 ** (-exp) # => 9.999999999999997e-183
f # => 9.999999999999997e-183
j # => "9.999999999999997e-183"
f2 # => 9.999999999999994e-183
********************
exp # => 183
f = 10.0 ** (-exp) # => 9.999999999999998e-184
f # => 9.999999999999998e-184
j # => "9.999999999999998e-184"
f2 # => 9.999999999999996e-184
********************
exp # => 184
f = 10.0 ** (-exp) # => 9.999999999999997e-185
f # => 9.999999999999997e-185
j # => "9.999999999999997e-185"
f2 # => 9.999999999999991e-185
********************
exp # => 185
f = 10.0 ** (-exp) # => 9.999999999999995e-186
f # => 9.999999999999995e-186
j # => "9.999999999999995e-186"
f2 # => 9.999999999999993e-186
********************
exp # => 186
f = 10.0 ** (-exp) # => 9.999999999999997e-187
f # => 9.999999999999997e-187
j # => "9.999999999999997e-187"
f2 # => 9.999999999999995e-187
********************
exp # => 187
f = 10.0 ** (-exp) # => 9.999999999999998e-188
f # => 9.999999999999998e-188
j # => "9.999999999999998e-188"
f2 # => 9.999999999999996e-188
********************
exp # => 188
f = 10.0 ** (-exp) # => 9.999999999999998e-189
f # => 9.999999999999998e-189
j # => "9.999999999999998e-189"
f2 # => 9.999999999999995e-189
********************
exp # => 189
f = 10.0 ** (-exp) # => 9.999999999999997e-190
f # => 9.999999999999997e-190
j # => "9.999999999999997e-190"
f2 # => 9.999999999999995e-190
********************
exp # => 190
f = 10.0 ** (-exp) # => 9.999999999999998e-191
f # => 9.999999999999998e-191
j # => "9.999999999999998e-191"
f2 # => 9.999999999999994e-191
********************
exp # => 191
f = 10.0 ** (-exp) # => 9.999999999999996e-192
f # => 9.999999999999996e-192
j # => "9.999999999999996e-192"
f2 # => 9.999999999999991e-192
********************
exp # => 192
f = 10.0 ** (-exp) # => 9.999999999999995e-193
f # => 9.999999999999995e-193
j # => "9.999999999999995e-193"
f2 # => 9.999999999999991e-193
********************
exp # => 193
f = 10.0 ** (-exp) # => 9.999999999999996e-194
f # => 9.999999999999996e-194
j # => "9.999999999999996e-194"
f2 # => 9.999999999999992e-194
********************
exp # => 194
f = 10.0 ** (-exp) # => 9.999999999999996e-195
f # => 9.999999999999996e-195
j # => "9.999999999999996e-195"
f2 # => 9.999999999999994e-195
********************
exp # => 195
f = 10.0 ** (-exp) # => 9.999999999999997e-196
f # => 9.999999999999997e-196
j # => "9.999999999999997e-196"
f2 # => 9.999999999999993e-196
********************
exp # => 196
f = 10.0 ** (-exp) # => 9.999999999999997e-197
f # => 9.999999999999997e-197
j # => "9.999999999999997e-197"
f2 # => 9.999999999999993e-197
********************
exp # => 197
f = 10.0 ** (-exp) # => 9.999999999999997e-198
f # => 9.999999999999997e-198
j # => "9.999999999999997e-198"
f2 # => 9.999999999999992e-198
********************
exp # => 198
f = 10.0 ** (-exp) # => 9.999999999999995e-199
f # => 9.999999999999995e-199
j # => "9.999999999999995e-199"
f2 # => 9.999999999999992e-199
********************
exp # => 199
f = 10.0 ** (-exp) # => 9.999999999999995e-200
f # => 9.999999999999995e-200
j # => "9.999999999999995e-200"
f2 # => 9.999999999999992e-200
********************
exp # => 200
f = 10.0 ** (-exp) # => 9.999999999999995e-201
f # => 9.999999999999995e-201
j # => "9.999999999999995e-201"
f2 # => 9.999999999999993e-201
********************
exp # => 201
f = 10.0 ** (-exp) # => 9.999999999999996e-202
f # => 9.999999999999996e-202
j # => "9.999999999999996e-202"
f2 # => 9.99999999999999e-202
********************
exp # => 202
f = 10.0 ** (-exp) # => 9.999999999999995e-203
f # => 9.999999999999995e-203
j # => "9.999999999999995e-203"
f2 # => 9.999999999999992e-203
********************
exp # => 203
f = 10.0 ** (-exp) # => 9.999999999999996e-204
f # => 9.999999999999996e-204
j # => "9.999999999999996e-204"
f2 # => 9.999999999999993e-204
********************
exp # => 204
f = 10.0 ** (-exp) # => 9.999999999999996e-205
f # => 9.999999999999996e-205
j # => "9.999999999999996e-205"
f2 # => 9.999999999999991e-205
********************
exp # => 205
f = 10.0 ** (-exp) # => 9.999999999999996e-206
f # => 9.999999999999996e-206
j # => "9.999999999999996e-206"
f2 # => 9.999999999999993e-206
********************
exp # => 206
f = 10.0 ** (-exp) # => 9.999999999999996e-207
f # => 9.999999999999996e-207
j # => "9.999999999999996e-207"
f2 # => 9.999999999999992e-207
********************
exp # => 207
f = 10.0 ** (-exp) # => 9.999999999999996e-208
f # => 9.999999999999996e-208
j # => "9.999999999999996e-208"
f2 # => 9.999999999999992e-208
********************
exp # => 208
f = 10.0 ** (-exp) # => 9.999999999999997e-209
f # => 9.999999999999997e-209
j # => "9.999999999999997e-209"
f2 # => 9.999999999999992e-209
********************
exp # => 209
f = 10.0 ** (-exp) # => 9.999999999999995e-210
f # => 9.999999999999995e-210
j # => "9.999999999999995e-210"
f2 # => 9.999999999999994e-210
********************
exp # => 210
f = 10.0 ** (-exp) # => 9.999999999999997e-211
f # => 9.999999999999997e-211
j # => "9.999999999999997e-211"
f2 # => 9.999999999999994e-211
********************
exp # => 211
f = 10.0 ** (-exp) # => 9.999999999999997e-212
f # => 9.999999999999997e-212
j # => "9.999999999999997e-212"
f2 # => 9.999999999999992e-212
********************
exp # => 212
f = 10.0 ** (-exp) # => 9.999999999999996e-213
f # => 9.999999999999996e-213
j # => "9.999999999999996e-213"
f2 # => 9.999999999999993e-213
********************
exp # => 213
f = 10.0 ** (-exp) # => 9.999999999999996e-214
f # => 9.999999999999996e-214
j # => "9.999999999999996e-214"
f2 # => 9.999999999999991e-214
********************
exp # => 214
f = 10.0 ** (-exp) # => 9.999999999999995e-215
f # => 9.999999999999995e-215
j # => "9.999999999999995e-215"
f2 # => 9.99999999999999e-215
********************
exp # => 215
f = 10.0 ** (-exp) # => 9.999999999999995e-216
f # => 9.999999999999995e-216
j # => "9.999999999999995e-216"
f2 # => 9.999999999999994e-216
********************
exp # => 216
f = 10.0 ** (-exp) # => 9.999999999999997e-217
f # => 9.999999999999997e-217
j # => "9.999999999999997e-217"
f2 # => 9.99999999999999e-217
********************
exp # => 217
f = 10.0 ** (-exp) # => 9.999999999999995e-218
f # => 9.999999999999995e-218
j # => "9.999999999999995e-218"
f2 # => 9.99999999999999e-218
********************
exp # => 218
f = 10.0 ** (-exp) # => 9.999999999999995e-219
f # => 9.999999999999995e-219
j # => "9.999999999999995e-219"
f2 # => 9.99999999999999e-219
********************
exp # => 219
f = 10.0 ** (-exp) # => 9.999999999999994e-220
f # => 9.999999999999994e-220
j # => "9.999999999999994e-220"
f2 # => 9.999999999999991e-220
********************
exp # => 220
f = 10.0 ** (-exp) # => 9.999999999999996e-221
f # => 9.999999999999996e-221
j # => "9.999999999999996e-221"
f2 # => 9.999999999999994e-221
********************
exp # => 221
f = 10.0 ** (-exp) # => 9.999999999999998e-222
f # => 9.999999999999998e-222
j # => "9.999999999999998e-222"
f2 # => 9.999999999999993e-222
********************
exp # => 222
f = 10.0 ** (-exp) # => 9.999999999999994e-223
f # => 9.999999999999994e-223
j # => "9.999999999999994e-223"
f2 # => 9.999999999999991e-223
********************
exp # => 223
f = 10.0 ** (-exp) # => 9.999999999999996e-224
f # => 9.999999999999996e-224
j # => "9.999999999999996e-224"
f2 # => 9.999999999999994e-224
********************
exp # => 224
f = 10.0 ** (-exp) # => 9.999999999999997e-225
f # => 9.999999999999997e-225
j # => "9.999999999999997e-225"
f2 # => 9.99999999999999e-225
********************
exp # => 225
f = 10.0 ** (-exp) # => 9.999999999999994e-226
f # => 9.999999999999994e-226
j # => "9.999999999999994e-226"
f2 # => 9.999999999999988e-226
********************
exp # => 226
f = 10.0 ** (-exp) # => 9.999999999999994e-227
f # => 9.999999999999994e-227
j # => "9.999999999999994e-227"
f2 # => 9.999999999999992e-227
********************
exp # => 227
f = 10.0 ** (-exp) # => 9.999999999999997e-228
f # => 9.999999999999997e-228
j # => "9.999999999999997e-228"
f2 # => 9.999999999999992e-228
********************
exp # => 228
f = 10.0 ** (-exp) # => 9.999999999999996e-229
f # => 9.999999999999996e-229
j # => "9.999999999999996e-229"
f2 # => 9.999999999999992e-229
********************
exp # => 229
f = 10.0 ** (-exp) # => 9.999999999999995e-230
f # => 9.999999999999995e-230
j # => "9.999999999999995e-230"
f2 # => 9.999999999999993e-230
********************
exp # => 230
f = 10.0 ** (-exp) # => 9.999999999999997e-231
f # => 9.999999999999997e-231
j # => "9.999999999999997e-231"
f2 # => 9.999999999999992e-231
********************
exp # => 231
f = 10.0 ** (-exp) # => 9.999999999999996e-232
f # => 9.999999999999996e-232
j # => "9.999999999999996e-232"
f2 # => 9.999999999999991e-232
********************
exp # => 232
f = 10.0 ** (-exp) # => 9.999999999999995e-233
f # => 9.999999999999995e-233
j # => "9.999999999999995e-233"
f2 # => 9.999999999999993e-233
********************
exp # => 233
f = 10.0 ** (-exp) # => 9.999999999999996e-234
f # => 9.999999999999996e-234
j # => "9.999999999999996e-234"
f2 # => 9.999999999999991e-234
********************
exp # => 234
f = 10.0 ** (-exp) # => 9.999999999999994e-235
f # => 9.999999999999994e-235
j # => "9.999999999999994e-235"
f2 # => 9.999999999999991e-235
********************
exp # => 235
f = 10.0 ** (-exp) # => 9.999999999999996e-236
f # => 9.999999999999996e-236
j # => "9.999999999999996e-236"
f2 # => 9.99999999999999e-236
********************
exp # => 236
f = 10.0 ** (-exp) # => 9.999999999999994e-237
f # => 9.999999999999994e-237
j # => "9.999999999999994e-237"
f2 # => 9.99999999999999e-237
********************
exp # => 237
f = 10.0 ** (-exp) # => 9.999999999999996e-238
f # => 9.999999999999996e-238
j # => "9.999999999999996e-238"
f2 # => 9.999999999999992e-238
********************
exp # => 238
f = 10.0 ** (-exp) # => 9.999999999999995e-239
f # => 9.999999999999995e-239
j # => "9.999999999999995e-239"
f2 # => 9.999999999999993e-239
********************
exp # => 239
f = 10.0 ** (-exp) # => 9.999999999999996e-240
f # => 9.999999999999996e-240
j # => "9.999999999999996e-240"
f2 # => 9.999999999999992e-240
********************
exp # => 240
f = 10.0 ** (-exp) # => 9.999999999999996e-241
f # => 9.999999999999996e-241
j # => "9.999999999999996e-241"
f2 # => 9.999999999999992e-241
********************
exp # => 241
f = 10.0 ** (-exp) # => 9.999999999999995e-242
f # => 9.999999999999995e-242
j # => "9.999999999999995e-242"
f2 # => 9.999999999999991e-242
********************
exp # => 242
f = 10.0 ** (-exp) # => 9.999999999999996e-243
f # => 9.999999999999996e-243
j # => "9.999999999999996e-243"
f2 # => 9.999999999999993e-243
********************
exp # => 243
f = 10.0 ** (-exp) # => 9.999999999999996e-244
f # => 9.999999999999996e-244
j # => "9.999999999999996e-244"
f2 # => 9.999999999999991e-244
********************
exp # => 244
f = 10.0 ** (-exp) # => 9.999999999999994e-245
f # => 9.999999999999994e-245
j # => "9.999999999999994e-245"
f2 # => 9.99999999999999e-245
********************
exp # => 245
f = 10.0 ** (-exp) # => 9.999999999999995e-246
f # => 9.999999999999995e-246
j # => "9.999999999999995e-246"
f2 # => 9.999999999999993e-246
********************
exp # => 246
f = 10.0 ** (-exp) # => 9.999999999999996e-247
f # => 9.999999999999996e-247
j # => "9.999999999999996e-247"
f2 # => 9.999999999999992e-247
********************
exp # => 247
f = 10.0 ** (-exp) # => 9.999999999999995e-248
f # => 9.999999999999995e-248
j # => "9.999999999999995e-248"
f2 # => 9.99999999999999e-248
********************
exp # => 248
f = 10.0 ** (-exp) # => 9.999999999999994e-249
f # => 9.999999999999994e-249
j # => "9.999999999999994e-249"
f2 # => 9.999999999999988e-249
********************
exp # => 249
f = 10.0 ** (-exp) # => 9.999999999999993e-250
f # => 9.999999999999993e-250
j # => "9.999999999999993e-250"
f2 # => 9.999999999999987e-250
********************
exp # => 250
f = 10.0 ** (-exp) # => 9.999999999999996e-251
f # => 9.999999999999996e-251
j # => "9.999999999999996e-251"
f2 # => 9.999999999999991e-251
********************
exp # => 251
f = 10.0 ** (-exp) # => 9.999999999999994e-252
f # => 9.999999999999994e-252
j # => "9.999999999999994e-252"
f2 # => 9.999999999999992e-252
********************
exp # => 252
f = 10.0 ** (-exp) # => 9.999999999999997e-253
f # => 9.999999999999997e-253
j # => "9.999999999999997e-253"
f2 # => 9.999999999999992e-253
********************
exp # => 253
f = 10.0 ** (-exp) # => 9.999999999999996e-254
f # => 9.999999999999996e-254
j # => "9.999999999999996e-254"
f2 # => 9.999999999999992e-254
********************
exp # => 254
f = 10.0 ** (-exp) # => 9.999999999999995e-255
f # => 9.999999999999995e-255
j # => "9.999999999999995e-255"
f2 # => 9.999999999999993e-255
********************
exp # => 255
f = 10.0 ** (-exp) # => 9.999999999999997e-256
f # => 9.999999999999997e-256
j # => "9.999999999999997e-256"
f2 # => 9.999999999999992e-256
********************
exp # => 256
f = 10.0 ** (-exp) # => 9.999999999999995e-257
f # => 9.999999999999995e-257
j # => "9.999999999999995e-257"
f2 # => 9.999999999999991e-257
********************
exp # => 257
f = 10.0 ** (-exp) # => 9.999999999999994e-258
f # => 9.999999999999994e-258
j # => "9.999999999999994e-258"
f2 # => 9.999999999999989e-258
********************
exp # => 258
f = 10.0 ** (-exp) # => 9.999999999999995e-259
f # => 9.999999999999995e-259
j # => "9.999999999999995e-259"
f2 # => 9.99999999999999e-259
********************
exp # => 259
f = 10.0 ** (-exp) # => 9.999999999999993e-260
f # => 9.999999999999993e-260
j # => "9.999999999999993e-260"
f2 # => 9.999999999999988e-260
********************
exp # => 260
f = 10.0 ** (-exp) # => 9.999999999999996e-261
f # => 9.999999999999996e-261
j # => "9.999999999999996e-261"
f2 # => 9.99999999999999e-261
********************
exp # => 261
f = 10.0 ** (-exp) # => 9.999999999999994e-262
f # => 9.999999999999994e-262
j # => "9.999999999999994e-262"
f2 # => 9.99999999999999e-262
********************
exp # => 262
f = 10.0 ** (-exp) # => 9.999999999999994e-263
f # => 9.999999999999994e-263
j # => "9.999999999999994e-263"
f2 # => 9.999999999999989e-263
********************
exp # => 263
f = 10.0 ** (-exp) # => 9.999999999999995e-264
f # => 9.999999999999995e-264
j # => "9.999999999999995e-264"
f2 # => 9.999999999999991e-264
********************
exp # => 264
f = 10.0 ** (-exp) # => 9.999999999999996e-265
f # => 9.999999999999996e-265
j # => "9.999999999999996e-265"
f2 # => 9.999999999999991e-265
********************
exp # => 265
f = 10.0 ** (-exp) # => 9.999999999999994e-266
f # => 9.999999999999994e-266
j # => "9.999999999999994e-266"
f2 # => 9.999999999999989e-266
********************
exp # => 266
f = 10.0 ** (-exp) # => 9.999999999999995e-267
f # => 9.999999999999995e-267
j # => "9.999999999999995e-267"
f2 # => 9.999999999999991e-267
********************
exp # => 267
f = 10.0 ** (-exp) # => 9.999999999999996e-268
f # => 9.999999999999996e-268
j # => "9.999999999999996e-268"
f2 # => 9.999999999999991e-268
********************
exp # => 268
f = 10.0 ** (-exp) # => 9.999999999999994e-269
f # => 9.999999999999994e-269
j # => "9.999999999999994e-269"
f2 # => 9.999999999999989e-269
********************
exp # => 269
f = 10.0 ** (-exp) # => 9.999999999999995e-270
f # => 9.999999999999995e-270
j # => "9.999999999999995e-270"
f2 # => 9.999999999999991e-270
********************
exp # => 270
f = 10.0 ** (-exp) # => 9.999999999999994e-271
f # => 9.999999999999994e-271
j # => "9.999999999999994e-271"
f2 # => 9.99999999999999e-271
********************
exp # => 271
f = 10.0 ** (-exp) # => 9.999999999999994e-272
f # => 9.999999999999994e-272
j # => "9.999999999999994e-272"
f2 # => 9.999999999999989e-272
********************
exp # => 272
f = 10.0 ** (-exp) # => 9.999999999999994e-273
f # => 9.999999999999994e-273
j # => "9.999999999999994e-273"
f2 # => 9.99999999999999e-273
********************
exp # => 273
f = 10.0 ** (-exp) # => 9.999999999999995e-274
f # => 9.999999999999995e-274
j # => "9.999999999999995e-274"
f2 # => 9.99999999999999e-274
********************
exp # => 274
f = 10.0 ** (-exp) # => 9.999999999999995e-275
f # => 9.999999999999995e-275
j # => "9.999999999999995e-275"
f2 # => 9.999999999999991e-275
********************
exp # => 275
f = 10.0 ** (-exp) # => 9.999999999999995e-276
f # => 9.999999999999995e-276
j # => "9.999999999999995e-276"
f2 # => 9.999999999999991e-276
********************
exp # => 276
f = 10.0 ** (-exp) # => 9.999999999999995e-277
f # => 9.999999999999995e-277
j # => "9.999999999999995e-277"
f2 # => 9.99999999999999e-277
********************
exp # => 277
f = 10.0 ** (-exp) # => 9.999999999999995e-278
f # => 9.999999999999995e-278
j # => "9.999999999999995e-278"
f2 # => 9.999999999999991e-278
********************
exp # => 278
f = 10.0 ** (-exp) # => 9.999999999999995e-279
f # => 9.999999999999995e-279
j # => "9.999999999999995e-279"
f2 # => 9.999999999999992e-279
********************
exp # => 279
f = 10.0 ** (-exp) # => 9.999999999999995e-280
f # => 9.999999999999995e-280
j # => "9.999999999999995e-280"
f2 # => 9.999999999999993e-280
********************
exp # => 280
f = 10.0 ** (-exp) # => 9.999999999999996e-281
f # => 9.999999999999996e-281
j # => "9.999999999999996e-281"
f2 # => 9.999999999999989e-281
********************
exp # => 281
f = 10.0 ** (-exp) # => 9.999999999999993e-282
f # => 9.999999999999993e-282
j # => "9.999999999999993e-282"
f2 # => 9.999999999999985e-282
********************
exp # => 282
f = 10.0 ** (-exp) # => 9.999999999999994e-283
f # => 9.999999999999994e-283
j # => "9.999999999999994e-283"
f2 # => 9.999999999999989e-283
********************
exp # => 283
f = 10.0 ** (-exp) # => 9.999999999999995e-284
f # => 9.999999999999995e-284
j # => "9.999999999999995e-284"
f2 # => 9.999999999999992e-284
********************
exp # => 284
f = 10.0 ** (-exp) # => 9.999999999999996e-285
f # => 9.999999999999996e-285
j # => "9.999999999999996e-285"
f2 # => 9.999999999999991e-285
********************
exp # => 285
f = 10.0 ** (-exp) # => 9.999999999999995e-286
f # => 9.999999999999995e-286
j # => "9.999999999999995e-286"
f2 # => 9.999999999999991e-286
********************
exp # => 286
f = 10.0 ** (-exp) # => 9.999999999999996e-287
f # => 9.999999999999996e-287
j # => "9.999999999999996e-287"
f2 # => 9.999999999999992e-287
********************
exp # => 287
f = 10.0 ** (-exp) # => 9.999999999999996e-288
f # => 9.999999999999996e-288
j # => "9.999999999999996e-288"
f2 # => 9.999999999999991e-288
********************
exp # => 288
f = 10.0 ** (-exp) # => 9.999999999999995e-289
f # => 9.999999999999995e-289
j # => "9.999999999999995e-289"
f2 # => 9.99999999999999e-289
********************
exp # => 289
f = 10.0 ** (-exp) # => 9.999999999999993e-290
f # => 9.999999999999993e-290
j # => "9.999999999999993e-290"
f2 # => 9.999999999999984e-290
********************
exp # => 290
f = 10.0 ** (-exp) # => 9.999999999999994e-291
f # => 9.999999999999994e-291
j # => "9.999999999999994e-291"
f2 # => 9.99999999999999e-291
********************
exp # => 291
f = 10.0 ** (-exp) # => 9.999999999999994e-292
f # => 9.999999999999994e-292
j # => "9.999999999999994e-292"
f2 # => 9.999999999999987e-292
********************
exp # => 292
f = 10.0 ** (-exp) # => 9.999999999999993e-293
f # => 9.999999999999993e-293
j # => "9.999999999999993e-293"
f2 # => 9.999999999999985e-293
********************
exp # => 293
f = 10.0 ** (-exp) # => 9.999999999999994e-294
f # => 9.999999999999994e-294
j # => "9.999999999999994e-294"
f2 # => 9.99999999999999e-294
********************
exp # => 294
f = 10.0 ** (-exp) # => 9.999999999999995e-295
f # => 9.999999999999995e-295
j # => "9.999999999999995e-295"
f2 # => 9.99999999999999e-295
********************
exp # => 295
f = 10.0 ** (-exp) # => 9.999999999999994e-296
f # => 9.999999999999994e-296
j # => "9.999999999999994e-296"
f2 # => 9.99999999999999e-296
********************
exp # => 296
f = 10.0 ** (-exp) # => 9.999999999999995e-297
f # => 9.999999999999995e-297
j # => "9.999999999999995e-297"
f2 # => 9.99999999999999e-297
********************
exp # => 297
f = 10.0 ** (-exp) # => 9.999999999999994e-298
f # => 9.999999999999994e-298
j # => "9.999999999999994e-298"
f2 # => 9.99999999999999e-298
********************
exp # => 298
f = 10.0 ** (-exp) # => 9.999999999999995e-299
f # => 9.999999999999995e-299
j # => "9.999999999999995e-299"
f2 # => 9.99999999999999e-299
********************
exp # => 299
f = 10.0 ** (-exp) # => 9.999999999999993e-300
f # => 9.999999999999993e-300
j # => "9.999999999999993e-300"
f2 # => 9.999999999999985e-300
********************
exp # => 300
f = 10.0 ** (-exp) # => 9.999999999999994e-301
f # => 9.999999999999994e-301
j # => "9.999999999999994e-301"
f2 # => 9.999999999999989e-301
********************
exp # => 301
f = 10.0 ** (-exp) # => 9.999999999999994e-302
f # => 9.999999999999994e-302
j # => "9.999999999999994e-302"
f2 # => 9.99999999999999e-302
********************
exp # => 302
f = 10.0 ** (-exp) # => 9.999999999999996e-303
f # => 9.999999999999996e-303
j # => "9.999999999999996e-303"
f2 # => 9.99999999999999e-303
********************
exp # => 303
f = 10.0 ** (-exp) # => 9.999999999999994e-304
f # => 9.999999999999994e-304
j # => "9.999999999999994e-304"
f2 # => 9.999999999999988e-304
********************
exp # => 304
f = 10.0 ** (-exp) # => 9.999999999999994e-305
f # => 9.999999999999994e-305
j # => "9.999999999999994e-305"
f2 # => 9.99999999999999e-305
********************
exp # => 305
f = 10.0 ** (-exp) # => 9.999999999999995e-306
f # => 9.999999999999995e-306
j # => "9.999999999999995e-306"
f2 # => 9.99999999999999e-306
********************
exp # => 306
f = 10.0 ** (-exp) # => 9.999999999999994e-307
f # => 9.999999999999994e-307
j # => "9.999999999999994e-307"
f2 # => 9.99999999999999e-307
********************
exp # => 307
f = 10.0 ** (-exp) # => 9.999999999999995e-308
f # => 9.999999999999995e-308
j # => "9.999999999999995e-308"
f2 # => 9.999999999999991e-308
********************
exp # => 308
f = 10.0 ** (-exp) # => 9.999999999999994e-309
f # => 9.999999999999994e-309
j # => "9.999999999999994e-309"
f2 # => 0.0
********************
exp # => 309
f = 10.0 ** (-exp) # => 0.0
f # => 0.0
j # => "0.0"
f2 # => 0.0
