********************
exp # => 0
f = 10.0 ** (exp) # => 1.0
f # => 1.0
j # => "1.0"
f2 # => 1.0
********************
exp # => 1
f = 10.0 ** (exp) # => 10.0
f # => 10.0
j # => "10.0"
f2 # => 10.0
********************
exp # => 2
f = 10.0 ** (exp) # => 100.0
f # => 100.0
j # => "100.0"
f2 # => 100.0
********************
exp # => 3
f = 10.0 ** (exp) # => 1000.0
f # => 1000.0
j # => "1000.0"
f2 # => 1000.0
********************
exp # => 4
f = 10.0 ** (exp) # => 10000.0
f # => 10000.0
j # => "10000.0"
f2 # => 10000.0
********************
exp # => 5
f = 10.0 ** (exp) # => 100000.0
f # => 100000.0
j # => "100000.0"
f2 # => 100000.0
********************
exp # => 6
f = 10.0 ** (exp) # => 1000000.0
f # => 1000000.0
j # => "1000000.0"
f2 # => 1000000.0
********************
exp # => 7
f = 10.0 ** (exp) # => 10000000.0
f # => 10000000.0
j # => "10000000.0"
f2 # => 10000000.0
********************
exp # => 8
f = 10.0 ** (exp) # => 100000000.0
f # => 100000000.0
j # => "100000000.0"
f2 # => 100000000.0
********************
exp # => 9
f = 10.0 ** (exp) # => 1000000000.0
f # => 1000000000.0
j # => "1000000000.0"
f2 # => 1000000000.0
********************
exp # => 10
f = 10.0 ** (exp) # => 10000000000.0
f # => 10000000000.0
j # => "10000000000.0"
f2 # => 10000000000.0
********************
exp # => 11
f = 10.0 ** (exp) # => 100000000000.0
f # => 100000000000.0
j # => "100000000000.0"
f2 # => 100000000000.0
********************
exp # => 12
f = 10.0 ** (exp) # => 1000000000000.0
f # => 1000000000000.0
j # => "1000000000000.0"
f2 # => 1000000000000.0
********************
exp # => 13
f = 10.0 ** (exp) # => 10000000000000.0
f # => 10000000000000.0
j # => "10000000000000.0"
f2 # => 10000000000000.0
********************
exp # => 14
f = 10.0 ** (exp) # => 100000000000000.0
f # => 100000000000000.0
j # => "100000000000000.0"
f2 # => 100000000000000.0
********************
exp # => 15
f = 10.0 ** (exp) # => 1.0e+15
f # => 1.0e+15
j # => "1.0e+15"
f2 # => 1.0e+15
********************
exp # => 16
f = 10.0 ** (exp) # => 1.0e+16
f # => 1.0e+16
j # => "1.0e+16"
f2 # => 1.0e+16
********************
exp # => 17
f = 10.0 ** (exp) # => 1.0e+17
f # => 1.0e+17
j # => "1.0e+17"
f2 # => 1.0e+17
********************
exp # => 18
f = 10.0 ** (exp) # => 1.0e+18
f # => 1.0e+18
j # => "1.0e+18"
f2 # => 1.0e+18
********************
exp # => 19
f = 10.0 ** (exp) # => 1.0e+19
f # => 1.0e+19
j # => "1.0e+19"
f2 # => 1.0e+19
********************
exp # => 20
f = 10.0 ** (exp) # => 1.0e+20
f # => 1.0e+20
j # => "1.0e+20"
f2 # => 1.0e+20
********************
exp # => 21
f = 10.0 ** (exp) # => 1.0e+21
f # => 1.0e+21
j # => "1.0e+21"
f2 # => 1.0e+21
********************
exp # => 22
f = 10.0 ** (exp) # => 1.0e+22
f # => 1.0e+22
j # => "1.0e+22"
f2 # => 1.0e+22
********************
exp # => 23
f = 10.0 ** (exp) # => 9.9999999999999992e+22
f # => 9.9999999999999992e+22
j # => "9.9999999999999992e+22"
f2 # => 9.9999999999999992e+22
********************
exp # => 24
f = 10.0 ** (exp) # => 1.0e+24
f # => 1.0e+24
j # => "1.0e+24"
f2 # => 1.0e+24
********************
exp # => 25
f = 10.0 ** (exp) # => 1.0e+25
f # => 1.0e+25
j # => "1.0e+25"
f2 # => 1.0e+25
********************
exp # => 26
f = 10.0 ** (exp) # => 1.0e+26
f # => 1.0e+26
j # => "1.0e+26"
f2 # => 1.0e+26
********************
exp # => 27
f = 10.0 ** (exp) # => 1.0e+27
f # => 1.0e+27
j # => "1.0e+27"
f2 # => 1.0e+27
********************
exp # => 28
f = 10.0 ** (exp) # => 1.0e+28
f # => 1.0e+28
j # => "1.0e+28"
f2 # => 1.0e+28
********************
exp # => 29
f = 10.0 ** (exp) # => 1.0e+29
f # => 1.0e+29
j # => "1.0e+29"
f2 # => 1.0e+29
********************
exp # => 30
f = 10.0 ** (exp) # => 1.0e+30
f # => 1.0e+30
j # => "1.0e+30"
f2 # => 1.0e+30
********************
exp # => 31
f = 10.0 ** (exp) # => 1.0e+31
f # => 1.0e+31
j # => "1.0e+31"
f2 # => 1.0e+31
********************
exp # => 32
f = 10.0 ** (exp) # => 1.0e+32
f # => 1.0e+32
j # => "1.0e+32"
f2 # => 1.0e+32
********************
exp # => 33
f = 10.0 ** (exp) # => 1.0000000000000001e+33
f # => 1.0000000000000001e+33
j # => "1.0000000000000001e+33"
f2 # => 1.0000000000000001e+33
********************
exp # => 34
f = 10.0 ** (exp) # => 1.0000000000000001e+34
f # => 1.0000000000000001e+34
j # => "1.0000000000000001e+34"
f2 # => 1.0000000000000001e+34
********************
exp # => 35
f = 10.0 ** (exp) # => 1.0e+35
f # => 1.0e+35
j # => "1.0e+35"
f2 # => 1.0e+35
********************
exp # => 36
f = 10.0 ** (exp) # => 1.0e+36
f # => 1.0e+36
j # => "1.0e+36"
f2 # => 1.0e+36
********************
exp # => 37
f = 10.0 ** (exp) # => 1.0000000000000001e+37
f # => 1.0000000000000001e+37
j # => "1.0000000000000001e+37"
f2 # => 1.0000000000000001e+37
********************
exp # => 38
f = 10.0 ** (exp) # => 1.0e+38
f # => 1.0e+38
j # => "1.0e+38"
f2 # => 1.0e+38
********************
exp # => 39
f = 10.0 ** (exp) # => 1.0000000000000001e+39
f # => 1.0000000000000001e+39
j # => "1.0000000000000001e+39"
f2 # => 1.0000000000000001e+39
********************
exp # => 40
f = 10.0 ** (exp) # => 1.0e+40
f # => 1.0e+40
j # => "1.0e+40"
f2 # => 1.0e+40
********************
exp # => 41
f = 10.0 ** (exp) # => 1.0e+41
f # => 1.0e+41
j # => "1.0e+41"
f2 # => 1.0e+41
********************
exp # => 42
f = 10.0 ** (exp) # => 1.0e+42
f # => 1.0e+42
j # => "1.0e+42"
f2 # => 1.0e+42
********************
exp # => 43
f = 10.0 ** (exp) # => 1.0e+43
f # => 1.0e+43
j # => "1.0e+43"
f2 # => 1.0e+43
********************
exp # => 44
f = 10.0 ** (exp) # => 1.0e+44
f # => 1.0e+44
j # => "1.0e+44"
f2 # => 1.0e+44
********************
exp # => 45
f = 10.0 ** (exp) # => 1.0000000000000001e+45
f # => 1.0000000000000001e+45
j # => "1.0000000000000001e+45"
f2 # => 1.0000000000000001e+45
********************
exp # => 46
f = 10.0 ** (exp) # => 1.0e+46
f # => 1.0e+46
j # => "1.0e+46"
f2 # => 1.0e+46
********************
exp # => 47
f = 10.0 ** (exp) # => 1.0e+47
f # => 1.0e+47
j # => "1.0e+47"
f2 # => 1.0e+47
********************
exp # => 48
f = 10.0 ** (exp) # => 1.0e+48
f # => 1.0e+48
j # => "1.0e+48"
f2 # => 1.0e+48
********************
exp # => 49
f = 10.0 ** (exp) # => 1.0000000000000001e+49
f # => 1.0000000000000001e+49
j # => "1.0000000000000001e+49"
f2 # => 1.0000000000000001e+49
********************
exp # => 50
f = 10.0 ** (exp) # => 1.0e+50
f # => 1.0e+50
j # => "1.0e+50"
f2 # => 1.0e+50
********************
exp # => 51
f = 10.0 ** (exp) # => 1.0e+51
f # => 1.0e+51
j # => "1.0e+51"
f2 # => 1.0e+51
********************
exp # => 52
f = 10.0 ** (exp) # => 1.0e+52
f # => 1.0e+52
j # => "1.0e+52"
f2 # => 1.0e+52
********************
exp # => 53
f = 10.0 ** (exp) # => 1.0e+53
f # => 1.0e+53
j # => "1.0e+53"
f2 # => 1.0e+53
********************
exp # => 54
f = 10.0 ** (exp) # => 1.0e+54
f # => 1.0e+54
j # => "1.0e+54"
f2 # => 1.0e+54
********************
exp # => 55
f = 10.0 ** (exp) # => 1.0e+55
f # => 1.0e+55
j # => "1.0e+55"
f2 # => 1.0e+55
********************
exp # => 56
f = 10.0 ** (exp) # => 1.0e+56
f # => 1.0e+56
j # => "1.0e+56"
f2 # => 1.0e+56
********************
exp # => 57
f = 10.0 ** (exp) # => 1.0000000000000002e+57
f # => 1.0000000000000002e+57
j # => "1.0000000000000002e+57"
f2 # => 1.0000000000000004e+57
********************
exp # => 58
f = 10.0 ** (exp) # => 1.0000000000000001e+58
f # => 1.0000000000000001e+58
j # => "1.0000000000000001e+58"
f2 # => 1.0000000000000001e+58
********************
exp # => 59
f = 10.0 ** (exp) # => 1.0000000000000001e+59
f # => 1.0000000000000001e+59
j # => "1.0000000000000001e+59"
f2 # => 1.0000000000000001e+59
********************
exp # => 60
f = 10.0 ** (exp) # => 1.0e+60
f # => 1.0e+60
j # => "1.0e+60"
f2 # => 1.0e+60
********************
exp # => 61
f = 10.0 ** (exp) # => 1.0e+61
f # => 1.0e+61
j # => "1.0e+61"
f2 # => 1.0e+61
********************
exp # => 62
f = 10.0 ** (exp) # => 1.0e+62
f # => 1.0e+62
j # => "1.0e+62"
f2 # => 1.0e+62
********************
exp # => 63
f = 10.0 ** (exp) # => 1.0e+63
f # => 1.0e+63
j # => "1.0e+63"
f2 # => 1.0e+63
********************
exp # => 64
f = 10.0 ** (exp) # => 1.0000000000000002e+64
f # => 1.0000000000000002e+64
j # => "1.0000000000000002e+64"
f2 # => 1.0000000000000005e+64
********************
exp # => 65
f = 10.0 ** (exp) # => 1.0000000000000002e+65
f # => 1.0000000000000002e+65
j # => "1.0000000000000002e+65"
f2 # => 1.0000000000000005e+65
********************
exp # => 66
f = 10.0 ** (exp) # => 1.0000000000000001e+66
f # => 1.0000000000000001e+66
j # => "1.0000000000000001e+66"
f2 # => 1.0000000000000001e+66
********************
exp # => 67
f = 10.0 ** (exp) # => 1.0000000000000001e+67
f # => 1.0000000000000001e+67
j # => "1.0000000000000001e+67"
f2 # => 1.0000000000000001e+67
********************
exp # => 68
f = 10.0 ** (exp) # => 1.0000000000000002e+68
f # => 1.0000000000000002e+68
j # => "1.0000000000000002e+68"
f2 # => 1.0000000000000004e+68
********************
exp # => 69
f = 10.0 ** (exp) # => 1.0e+69
f # => 1.0e+69
j # => "1.0e+69"
f2 # => 1.0e+69
********************
exp # => 70
f = 10.0 ** (exp) # => 1.0000000000000002e+70
f # => 1.0000000000000002e+70
j # => "1.0000000000000002e+70"
f2 # => 1.0000000000000004e+70
********************
exp # => 71
f = 10.0 ** (exp) # => 1.0000000000000002e+71
f # => 1.0000000000000002e+71
j # => "1.0000000000000002e+71"
f2 # => 1.0000000000000004e+71
********************
exp # => 72
f = 10.0 ** (exp) # => 1.0000000000000001e+72
f # => 1.0000000000000001e+72
j # => "1.0000000000000001e+72"
f2 # => 1.0000000000000001e+72
********************
exp # => 73
f = 10.0 ** (exp) # => 1.0000000000000001e+73
f # => 1.0000000000000001e+73
j # => "1.0000000000000001e+73"
f2 # => 1.0000000000000001e+73
********************
exp # => 74
f = 10.0 ** (exp) # => 1.0000000000000002e+74
f # => 1.0000000000000002e+74
j # => "1.0000000000000002e+74"
f2 # => 1.0000000000000005e+74
********************
exp # => 75
f = 10.0 ** (exp) # => 1.0000000000000001e+75
f # => 1.0000000000000001e+75
j # => "1.0000000000000001e+75"
f2 # => 1.0000000000000001e+75
********************
exp # => 76
f = 10.0 ** (exp) # => 1.0000000000000002e+76
f # => 1.0000000000000002e+76
j # => "1.0000000000000002e+76"
f2 # => 1.0000000000000004e+76
********************
exp # => 77
f = 10.0 ** (exp) # => 1.0000000000000001e+77
f # => 1.0000000000000001e+77
j # => "1.0000000000000001e+77"
f2 # => 1.0000000000000001e+77
********************
exp # => 78
f = 10.0 ** (exp) # => 1.0000000000000002e+78
f # => 1.0000000000000002e+78
j # => "1.0000000000000002e+78"
f2 # => 1.0000000000000004e+78
********************
exp # => 79
f = 10.0 ** (exp) # => 1.0000000000000001e+79
f # => 1.0000000000000001e+79
j # => "1.0000000000000001e+79"
f2 # => 1.0000000000000001e+79
********************
exp # => 80
f = 10.0 ** (exp) # => 1.0000000000000001e+80
f # => 1.0000000000000001e+80
j # => "1.0000000000000001e+80"
f2 # => 1.0000000000000001e+80
********************
exp # => 81
f = 10.0 ** (exp) # => 1.0000000000000001e+81
f # => 1.0000000000000001e+81
j # => "1.0000000000000001e+81"
f2 # => 1.0000000000000001e+81
********************
exp # => 82
f = 10.0 ** (exp) # => 1.0000000000000001e+82
f # => 1.0000000000000001e+82
j # => "1.0000000000000001e+82"
f2 # => 1.0000000000000001e+82
********************
exp # => 83
f = 10.0 ** (exp) # => 1.0000000000000002e+83
f # => 1.0000000000000002e+83
j # => "1.0000000000000002e+83"
f2 # => 1.0000000000000004e+83
********************
exp # => 84
f = 10.0 ** (exp) # => 1.0000000000000003e+84
f # => 1.0000000000000003e+84
j # => "1.0000000000000003e+84"
f2 # => 1.0000000000000007e+84
********************
exp # => 85
f = 10.0 ** (exp) # => 1.0000000000000002e+85
f # => 1.0000000000000002e+85
j # => "1.0000000000000002e+85"
f2 # => 1.0000000000000004e+85
********************
exp # => 86
f = 10.0 ** (exp) # => 1.0000000000000002e+86
f # => 1.0000000000000002e+86
j # => "1.0000000000000002e+86"
f2 # => 1.0000000000000004e+86
********************
exp # => 87
f = 10.0 ** (exp) # => 1.0000000000000002e+87
f # => 1.0000000000000002e+87
j # => "1.0000000000000002e+87"
f2 # => 1.0000000000000004e+87
********************
exp # => 88
f = 10.0 ** (exp) # => 1.0000000000000001e+88
f # => 1.0000000000000001e+88
j # => "1.0000000000000001e+88"
f2 # => 1.0000000000000001e+88
********************
exp # => 89
f = 10.0 ** (exp) # => 1.0000000000000003e+89
f # => 1.0000000000000003e+89
j # => "1.0000000000000003e+89"
f2 # => 1.0000000000000007e+89
********************
exp # => 90
f = 10.0 ** (exp) # => 1.0000000000000002e+90
f # => 1.0000000000000002e+90
j # => "1.0000000000000002e+90"
f2 # => 1.0000000000000004e+90
********************
exp # => 91
f = 10.0 ** (exp) # => 1.0000000000000003e+91
f # => 1.0000000000000003e+91
j # => "1.0000000000000003e+91"
f2 # => 1.0000000000000006e+91
********************
exp # => 92
f = 10.0 ** (exp) # => 1.0000000000000002e+92
f # => 1.0000000000000002e+92
j # => "1.0000000000000002e+92"
f2 # => 1.0000000000000005e+92
********************
exp # => 93
f = 10.0 ** (exp) # => 1.0e+93
f # => 1.0e+93
j # => "1.0e+93"
f2 # => 1.0e+93
********************
exp # => 94
f = 10.0 ** (exp) # => 1.0000000000000002e+94
f # => 1.0000000000000002e+94
j # => "1.0000000000000002e+94"
f2 # => 1.0000000000000004e+94
********************
exp # => 95
f = 10.0 ** (exp) # => 1.0000000000000002e+95
f # => 1.0000000000000002e+95
j # => "1.0000000000000002e+95"
f2 # => 1.0000000000000003e+95
********************
exp # => 96
f = 10.0 ** (exp) # => 1.0000000000000002e+96
f # => 1.0000000000000002e+96
j # => "1.0000000000000002e+96"
f2 # => 1.0000000000000004e+96
********************
exp # => 97
f = 10.0 ** (exp) # => 1.0000000000000003e+97
f # => 1.0000000000000003e+97
j # => "1.0000000000000003e+97"
f2 # => 1.0000000000000006e+97
********************
exp # => 98
f = 10.0 ** (exp) # => 1.0000000000000003e+98
f # => 1.0000000000000003e+98
j # => "1.0000000000000003e+98"
f2 # => 1.0000000000000008e+98
********************
exp # => 99
f = 10.0 ** (exp) # => 1.0000000000000001e+99
f # => 1.0000000000000001e+99
j # => "1.0000000000000001e+99"
f2 # => 1.0000000000000001e+99
********************
exp # => 100
f = 10.0 ** (exp) # => 1.0000000000000002e+100
f # => 1.0000000000000002e+100
j # => "1.0000000000000002e+100"
f2 # => 1.0000000000000004e+100
********************
exp # => 101
f = 10.0 ** (exp) # => 1.0000000000000003e+101
f # => 1.0000000000000003e+101
j # => "1.0000000000000003e+101"
f2 # => 1.0000000000000008e+101
********************
exp # => 102
f = 10.0 ** (exp) # => 1.0000000000000001e+102
f # => 1.0000000000000001e+102
j # => "1.0000000000000001e+102"
f2 # => 1.0000000000000001e+102
********************
exp # => 103
f = 10.0 ** (exp) # => 1.0000000000000002e+103
f # => 1.0000000000000002e+103
j # => "1.0000000000000002e+103"
f2 # => 1.0000000000000004e+103
********************
exp # => 104
f = 10.0 ** (exp) # => 1.0000000000000002e+104
f # => 1.0000000000000002e+104
j # => "1.0000000000000002e+104"
f2 # => 1.0000000000000003e+104
********************
exp # => 105
f = 10.0 ** (exp) # => 1.0000000000000002e+105
f # => 1.0000000000000002e+105
j # => "1.0000000000000002e+105"
f2 # => 1.0000000000000004e+105
********************
exp # => 106
f = 10.0 ** (exp) # => 1.0000000000000003e+106
f # => 1.0000000000000003e+106
j # => "1.0000000000000003e+106"
f2 # => 1.0000000000000007e+106
********************
exp # => 107
f = 10.0 ** (exp) # => 1.0000000000000001e+107
f # => 1.0000000000000001e+107
j # => "1.0000000000000001e+107"
f2 # => 1.0000000000000001e+107
********************
exp # => 108
f = 10.0 ** (exp) # => 1.0000000000000003e+108
f # => 1.0000000000000003e+108
j # => "1.0000000000000003e+108"
f2 # => 1.0000000000000007e+108
********************
exp # => 109
f = 10.0 ** (exp) # => 1.0000000000000002e+109
f # => 1.0000000000000002e+109
j # => "1.0000000000000002e+109"
f2 # => 1.0000000000000004e+109
********************
exp # => 110
f = 10.0 ** (exp) # => 1.0000000000000002e+110
f # => 1.0000000000000002e+110
j # => "1.0000000000000002e+110"
f2 # => 1.0000000000000004e+110
********************
exp # => 111
f = 10.0 ** (exp) # => 1.0000000000000002e+111
f # => 1.0000000000000002e+111
j # => "1.0000000000000002e+111"
f2 # => 1.0000000000000005e+111
********************
exp # => 112
f = 10.0 ** (exp) # => 1.0000000000000001e+112
f # => 1.0000000000000001e+112
j # => "1.0000000000000001e+112"
f2 # => 1.0000000000000001e+112
********************
exp # => 113
f = 10.0 ** (exp) # => 1.0000000000000002e+113
f # => 1.0000000000000002e+113
j # => "1.0000000000000002e+113"
f2 # => 1.0000000000000004e+113
********************
exp # => 114
f = 10.0 ** (exp) # => 1.0000000000000003e+114
f # => 1.0000000000000003e+114
j # => "1.0000000000000003e+114"
f2 # => 1.0000000000000007e+114
********************
exp # => 115
f = 10.0 ** (exp) # => 1.0000000000000002e+115
f # => 1.0000000000000002e+115
j # => "1.0000000000000002e+115"
f2 # => 1.0000000000000005e+115
********************
exp # => 116
f = 10.0 ** (exp) # => 1.0000000000000002e+116
f # => 1.0000000000000002e+116
j # => "1.0000000000000002e+116"
f2 # => 1.0000000000000004e+116
********************
exp # => 117
f = 10.0 ** (exp) # => 1.0000000000000002e+117
f # => 1.0000000000000002e+117
j # => "1.0000000000000002e+117"
f2 # => 1.0000000000000005e+117
********************
exp # => 118
f = 10.0 ** (exp) # => 1.0000000000000002e+118
f # => 1.0000000000000002e+118
j # => "1.0000000000000002e+118"
f2 # => 1.0000000000000004e+118
********************
exp # => 119
f = 10.0 ** (exp) # => 1.0000000000000001e+119
f # => 1.0000000000000001e+119
j # => "1.0000000000000001e+119"
f2 # => 1.0000000000000001e+119
********************
exp # => 120
f = 10.0 ** (exp) # => 1.0000000000000003e+120
f # => 1.0000000000000003e+120
j # => "1.0000000000000003e+120"
f2 # => 1.0000000000000007e+120
********************
exp # => 121
f = 10.0 ** (exp) # => 1.0000000000000004e+121
f # => 1.0000000000000004e+121
j # => "1.0000000000000004e+121"
f2 # => 1.0000000000000008e+121
********************
exp # => 122
f = 10.0 ** (exp) # => 1.0000000000000002e+122
f # => 1.0000000000000002e+122
j # => "1.0000000000000002e+122"
f2 # => 1.0000000000000004e+122
********************
exp # => 123
f = 10.0 ** (exp) # => 1.0000000000000003e+123
f # => 1.0000000000000003e+123
j # => "1.0000000000000003e+123"
f2 # => 1.0000000000000007e+123
********************
exp # => 124
f = 10.0 ** (exp) # => 1.0000000000000001e+124
f # => 1.0000000000000001e+124
j # => "1.0000000000000001e+124"
f2 # => 1.0000000000000001e+124
********************
exp # => 125
f = 10.0 ** (exp) # => 1.0000000000000001e+125
f # => 1.0000000000000001e+125
j # => "1.0000000000000001e+125"
f2 # => 1.0000000000000001e+125
********************
exp # => 126
f = 10.0 ** (exp) # => 1.0000000000000002e+126
f # => 1.0000000000000002e+126
j # => "1.0000000000000002e+126"
f2 # => 1.0000000000000004e+126
********************
exp # => 127
f = 10.0 ** (exp) # => 1.0000000000000002e+127
f # => 1.0000000000000002e+127
j # => "1.0000000000000002e+127"
f2 # => 1.0000000000000004e+127
********************
exp # => 128
f = 10.0 ** (exp) # => 1.0000000000000003e+128
f # => 1.0000000000000003e+128
j # => "1.0000000000000003e+128"
f2 # => 1.0000000000000007e+128
********************
exp # => 129
f = 10.0 ** (exp) # => 1.0000000000000003e+129
f # => 1.0000000000000003e+129
j # => "1.0000000000000003e+129"
f2 # => 1.0000000000000008e+129
********************
exp # => 130
f = 10.0 ** (exp) # => 1.0000000000000003e+130
f # => 1.0000000000000003e+130
j # => "1.0000000000000003e+130"
f2 # => 1.0000000000000008e+130
********************
exp # => 131
f = 10.0 ** (exp) # => 1.0000000000000003e+131
f # => 1.0000000000000003e+131
j # => "1.0000000000000003e+131"
f2 # => 1.0000000000000007e+131
********************
exp # => 132
f = 10.0 ** (exp) # => 1.0000000000000003e+132
f # => 1.0000000000000003e+132
j # => "1.0000000000000003e+132"
f2 # => 1.0000000000000008e+132
********************
exp # => 133
f = 10.0 ** (exp) # => 1.0000000000000003e+133
f # => 1.0000000000000003e+133
j # => "1.0000000000000003e+133"
f2 # => 1.0000000000000008e+133
********************
exp # => 134
f = 10.0 ** (exp) # => 1.0000000000000003e+134
f # => 1.0000000000000003e+134
j # => "1.0000000000000003e+134"
f2 # => 1.0000000000000007e+134
********************
exp # => 135
f = 10.0 ** (exp) # => 1.0000000000000003e+135
f # => 1.0000000000000003e+135
j # => "1.0000000000000003e+135"
f2 # => 1.0000000000000008e+135
********************
exp # => 136
f = 10.0 ** (exp) # => 1.0000000000000003e+136
f # => 1.0000000000000003e+136
j # => "1.0000000000000003e+136"
f2 # => 1.0000000000000007e+136
********************
exp # => 137
f = 10.0 ** (exp) # => 1.0000000000000002e+137
f # => 1.0000000000000002e+137
j # => "1.0000000000000002e+137"
f2 # => 1.0000000000000004e+137
********************
exp # => 138
f = 10.0 ** (exp) # => 1.0000000000000002e+138
f # => 1.0000000000000002e+138
j # => "1.0000000000000002e+138"
f2 # => 1.0000000000000004e+138
********************
exp # => 139
f = 10.0 ** (exp) # => 1.0000000000000003e+139
f # => 1.0000000000000003e+139
j # => "1.0000000000000003e+139"
f2 # => 1.0000000000000007e+139
********************
exp # => 140
f = 10.0 ** (exp) # => 1.0000000000000003e+140
f # => 1.0000000000000003e+140
j # => "1.0000000000000003e+140"
f2 # => 1.0000000000000007e+140
********************
exp # => 141
f = 10.0 ** (exp) # => 1.0000000000000002e+141
f # => 1.0000000000000002e+141
j # => "1.0000000000000002e+141"
f2 # => 1.0000000000000004e+141
********************
exp # => 142
f = 10.0 ** (exp) # => 1.0000000000000003e+142
f # => 1.0000000000000003e+142
j # => "1.0000000000000003e+142"
f2 # => 1.0000000000000007e+142
********************
exp # => 143
f = 10.0 ** (exp) # => 1.0000000000000002e+143
f # => 1.0000000000000002e+143
j # => "1.0000000000000002e+143"
f2 # => 1.0000000000000005e+143
********************
exp # => 144
f = 10.0 ** (exp) # => 1.0000000000000002e+144
f # => 1.0000000000000002e+144
j # => "1.0000000000000002e+144"
f2 # => 1.0000000000000004e+144
********************
exp # => 145
f = 10.0 ** (exp) # => 1.0000000000000003e+145
f # => 1.0000000000000003e+145
j # => "1.0000000000000003e+145"
f2 # => 1.0000000000000007e+145
********************
exp # => 146
f = 10.0 ** (exp) # => 1.0000000000000004e+146
f # => 1.0000000000000004e+146
j # => "1.0000000000000004e+146"
f2 # => 1.0000000000000008e+146
********************
exp # => 147
f = 10.0 ** (exp) # => 1.0000000000000003e+147
f # => 1.0000000000000003e+147
j # => "1.0000000000000003e+147"
f2 # => 1.0000000000000009e+147
********************
exp # => 148
f = 10.0 ** (exp) # => 1.0000000000000003e+148
f # => 1.0000000000000003e+148
j # => "1.0000000000000003e+148"
f2 # => 1.0000000000000008e+148
********************
exp # => 149
f = 10.0 ** (exp) # => 1.0000000000000003e+149
f # => 1.0000000000000003e+149
j # => "1.0000000000000003e+149"
f2 # => 1.0000000000000007e+149
********************
exp # => 150
f = 10.0 ** (exp) # => 1.0000000000000003e+150
f # => 1.0000000000000003e+150
j # => "1.0000000000000003e+150"
f2 # => 1.0000000000000007e+150
********************
exp # => 151
f = 10.0 ** (exp) # => 1.0000000000000002e+151
f # => 1.0000000000000002e+151
j # => "1.0000000000000002e+151"
f2 # => 1.0000000000000005e+151
********************
exp # => 152
f = 10.0 ** (exp) # => 1.0000000000000003e+152
f # => 1.0000000000000003e+152
j # => "1.0000000000000003e+152"
f2 # => 1.0000000000000007e+152
********************
exp # => 153
f = 10.0 ** (exp) # => 1.0000000000000004e+153
f # => 1.0000000000000004e+153
j # => "1.0000000000000004e+153"
f2 # => 1.0000000000000007e+153
********************
exp # => 154
f = 10.0 ** (exp) # => 1.0000000000000003e+154
f # => 1.0000000000000003e+154
j # => "1.0000000000000003e+154"
f2 # => 1.0000000000000008e+154
********************
exp # => 155
f = 10.0 ** (exp) # => 1.0000000000000002e+155
f # => 1.0000000000000002e+155
j # => "1.0000000000000002e+155"
f2 # => 1.0000000000000005e+155
********************
exp # => 156
f = 10.0 ** (exp) # => 1.0000000000000002e+156
f # => 1.0000000000000002e+156
j # => "1.0000000000000002e+156"
f2 # => 1.0000000000000004e+156
********************
exp # => 157
f = 10.0 ** (exp) # => 1.0000000000000001e+157
f # => 1.0000000000000001e+157
j # => "1.0000000000000001e+157"
f2 # => 1.0000000000000001e+157
********************
exp # => 158
f = 10.0 ** (exp) # => 1.0000000000000003e+158
f # => 1.0000000000000003e+158
j # => "1.0000000000000003e+158"
f2 # => 1.0000000000000008e+158
********************
exp # => 159
f = 10.0 ** (exp) # => 1.0000000000000003e+159
f # => 1.0000000000000003e+159
j # => "1.0000000000000003e+159"
f2 # => 1.0000000000000007e+159
********************
exp # => 160
f = 10.0 ** (exp) # => 1.0000000000000003e+160
f # => 1.0000000000000003e+160
j # => "1.0000000000000003e+160"
f2 # => 1.0000000000000008e+160
********************
exp # => 161
f = 10.0 ** (exp) # => 1.0000000000000004e+161
f # => 1.0000000000000004e+161
j # => "1.0000000000000004e+161"
f2 # => 1.0000000000000009e+161
********************
exp # => 162
f = 10.0 ** (exp) # => 1.0000000000000003e+162
f # => 1.0000000000000003e+162
j # => "1.0000000000000003e+162"
f2 # => 1.0000000000000007e+162
********************
exp # => 163
f = 10.0 ** (exp) # => 1.0000000000000003e+163
f # => 1.0000000000000003e+163
j # => "1.0000000000000003e+163"
f2 # => 1.0000000000000007e+163
********************
exp # => 164
f = 10.0 ** (exp) # => 1.0000000000000003e+164
f # => 1.0000000000000003e+164
j # => "1.0000000000000003e+164"
f2 # => 1.0000000000000006e+164
********************
exp # => 165
f = 10.0 ** (exp) # => 1.0000000000000003e+165
f # => 1.0000000000000003e+165
j # => "1.0000000000000003e+165"
f2 # => 1.0000000000000007e+165
********************
exp # => 166
f = 10.0 ** (exp) # => 1.0000000000000003e+166
f # => 1.0000000000000003e+166
j # => "1.0000000000000003e+166"
f2 # => 1.0000000000000008e+166
********************
exp # => 167
f = 10.0 ** (exp) # => 1.0000000000000003e+167
f # => 1.0000000000000003e+167
j # => "1.0000000000000003e+167"
f2 # => 1.0000000000000007e+167
********************
exp # => 168
f = 10.0 ** (exp) # => 1.0000000000000004e+168
f # => 1.0000000000000004e+168
j # => "1.0000000000000004e+168"
f2 # => 1.0000000000000008e+168
********************
exp # => 169
f = 10.0 ** (exp) # => 1.0000000000000003e+169
f # => 1.0000000000000003e+169
j # => "1.0000000000000003e+169"
f2 # => 1.0000000000000008e+169
********************
exp # => 170
f = 10.0 ** (exp) # => 1.0000000000000003e+170
f # => 1.0000000000000003e+170
j # => "1.0000000000000003e+170"
f2 # => 1.0000000000000007e+170
********************
exp # => 171
f = 10.0 ** (exp) # => 1.0000000000000004e+171
f # => 1.0000000000000004e+171
j # => "1.0000000000000004e+171"
f2 # => 1.0000000000000008e+171
********************
exp # => 172
f = 10.0 ** (exp) # => 1.0000000000000004e+172
f # => 1.0000000000000004e+172
j # => "1.0000000000000004e+172"
f2 # => 1.000000000000001e+172
********************
exp # => 173
f = 10.0 ** (exp) # => 1.0000000000000003e+173
f # => 1.0000000000000003e+173
j # => "1.0000000000000003e+173"
f2 # => 1.0000000000000007e+173
********************
exp # => 174
f = 10.0 ** (exp) # => 1.0000000000000003e+174
f # => 1.0000000000000003e+174
j # => "1.0000000000000003e+174"
f2 # => 1.0000000000000007e+174
********************
exp # => 175
f = 10.0 ** (exp) # => 1.0000000000000003e+175
f # => 1.0000000000000003e+175
j # => "1.0000000000000003e+175"
f2 # => 1.0000000000000008e+175
********************
exp # => 176
f = 10.0 ** (exp) # => 1.0000000000000003e+176
f # => 1.0000000000000003e+176
j # => "1.0000000000000003e+176"
f2 # => 1.0000000000000007e+176
********************
exp # => 177
f = 10.0 ** (exp) # => 1.0000000000000003e+177
f # => 1.0000000000000003e+177
j # => "1.0000000000000003e+177"
f2 # => 1.0000000000000008e+177
********************
exp # => 178
f = 10.0 ** (exp) # => 1.0000000000000004e+178
f # => 1.0000000000000004e+178
j # => "1.0000000000000004e+178"
f2 # => 1.0000000000000008e+178
********************
exp # => 179
f = 10.0 ** (exp) # => 1.0000000000000003e+179
f # => 1.0000000000000003e+179
j # => "1.0000000000000003e+179"
f2 # => 1.0000000000000007e+179
********************
exp # => 180
f = 10.0 ** (exp) # => 1.0000000000000002e+180
f # => 1.0000000000000002e+180
j # => "1.0000000000000002e+180"
f2 # => 1.0000000000000005e+180
********************
exp # => 181
f = 10.0 ** (exp) # => 1.0000000000000003e+181
f # => 1.0000000000000003e+181
j # => "1.0000000000000003e+181"
f2 # => 1.0000000000000007e+181
********************
exp # => 182
f = 10.0 ** (exp) # => 1.0000000000000004e+182
f # => 1.0000000000000004e+182
j # => "1.0000000000000004e+182"
f2 # => 1.0000000000000008e+182
********************
exp # => 183
f = 10.0 ** (exp) # => 1.0000000000000003e+183
f # => 1.0000000000000003e+183
j # => "1.0000000000000003e+183"
f2 # => 1.0000000000000008e+183
********************
exp # => 184
f = 10.0 ** (exp) # => 1.0000000000000004e+184
f # => 1.0000000000000004e+184
j # => "1.0000000000000004e+184"
f2 # => 1.0000000000000008e+184
********************
exp # => 185
f = 10.0 ** (exp) # => 1.0000000000000004e+185
f # => 1.0000000000000004e+185
j # => "1.0000000000000004e+185"
f2 # => 1.0000000000000009e+185
********************
exp # => 186
f = 10.0 ** (exp) # => 1.0000000000000003e+186
f # => 1.0000000000000003e+186
j # => "1.0000000000000003e+186"
f2 # => 1.0000000000000008e+186
********************
exp # => 187
f = 10.0 ** (exp) # => 1.0000000000000003e+187
f # => 1.0000000000000003e+187
j # => "1.0000000000000003e+187"
f2 # => 1.0000000000000007e+187
********************
exp # => 188
f = 10.0 ** (exp) # => 1.0000000000000002e+188
f # => 1.0000000000000002e+188
j # => "1.0000000000000002e+188"
f2 # => 1.0000000000000003e+188
********************
exp # => 189
f = 10.0 ** (exp) # => 1.0000000000000003e+189
f # => 1.0000000000000003e+189
j # => "1.0000000000000003e+189"
f2 # => 1.0000000000000008e+189
********************
exp # => 190
f = 10.0 ** (exp) # => 1.0000000000000003e+190
f # => 1.0000000000000003e+190
j # => "1.0000000000000003e+190"
f2 # => 1.0000000000000007e+190
********************
exp # => 191
f = 10.0 ** (exp) # => 1.0000000000000004e+191
f # => 1.0000000000000004e+191
j # => "1.0000000000000004e+191"
f2 # => 1.0000000000000009e+191
********************
exp # => 192
f = 10.0 ** (exp) # => 1.0000000000000004e+192
f # => 1.0000000000000004e+192
j # => "1.0000000000000004e+192"
f2 # => 1.0000000000000009e+192
********************
exp # => 193
f = 10.0 ** (exp) # => 1.0000000000000005e+193
f # => 1.0000000000000005e+193
j # => "1.0000000000000005e+193"
f2 # => 1.0000000000000009e+193
********************
exp # => 194
f = 10.0 ** (exp) # => 1.0000000000000004e+194
f # => 1.0000000000000004e+194
j # => "1.0000000000000004e+194"
f2 # => 1.0000000000000009e+194
********************
exp # => 195
f = 10.0 ** (exp) # => 1.0000000000000004e+195
f # => 1.0000000000000004e+195
j # => "1.0000000000000004e+195"
f2 # => 1.0000000000000008e+195
********************
exp # => 196
f = 10.0 ** (exp) # => 1.0000000000000004e+196
f # => 1.0000000000000004e+196
j # => "1.0000000000000004e+196"
f2 # => 1.0000000000000008e+196
********************
exp # => 197
f = 10.0 ** (exp) # => 1.0000000000000003e+197
f # => 1.0000000000000003e+197
j # => "1.0000000000000003e+197"
f2 # => 1.0000000000000008e+197
********************
exp # => 198
f = 10.0 ** (exp) # => 1.0000000000000005e+198
f # => 1.0000000000000005e+198
j # => "1.0000000000000005e+198"
f2 # => 1.000000000000001e+198
********************
exp # => 199
f = 10.0 ** (exp) # => 1.0000000000000005e+199
f # => 1.0000000000000005e+199
j # => "1.0000000000000005e+199"
f2 # => 1.000000000000001e+199
********************
exp # => 200
f = 10.0 ** (exp) # => 1.0000000000000005e+200
f # => 1.0000000000000005e+200
j # => "1.0000000000000005e+200"
f2 # => 1.000000000000001e+200
********************
exp # => 201
f = 10.0 ** (exp) # => 1.0000000000000004e+201
f # => 1.0000000000000004e+201
j # => "1.0000000000000004e+201"
f2 # => 1.0000000000000009e+201
********************
exp # => 202
f = 10.0 ** (exp) # => 1.0000000000000006e+202
f # => 1.0000000000000006e+202
j # => "1.0000000000000006e+202"
f2 # => 1.0000000000000012e+202
********************
exp # => 203
f = 10.0 ** (exp) # => 1.0000000000000003e+203
f # => 1.0000000000000003e+203
j # => "1.0000000000000003e+203"
f2 # => 1.0000000000000009e+203
********************
exp # => 204
f = 10.0 ** (exp) # => 1.0000000000000004e+204
f # => 1.0000000000000004e+204
j # => "1.0000000000000004e+204"
f2 # => 1.0000000000000008e+204
********************
exp # => 205
f = 10.0 ** (exp) # => 1.0000000000000004e+205
f # => 1.0000000000000004e+205
j # => "1.0000000000000004e+205"
f2 # => 1.0000000000000008e+205
********************
exp # => 206
f = 10.0 ** (exp) # => 1.0000000000000004e+206
f # => 1.0000000000000004e+206
j # => "1.0000000000000004e+206"
f2 # => 1.0000000000000008e+206
********************
exp # => 207
f = 10.0 ** (exp) # => 1.0000000000000005e+207
f # => 1.0000000000000005e+207
j # => "1.0000000000000005e+207"
f2 # => 1.0000000000000009e+207
********************
exp # => 208
f = 10.0 ** (exp) # => 1.0000000000000004e+208
f # => 1.0000000000000004e+208
j # => "1.0000000000000004e+208"
f2 # => 1.0000000000000009e+208
********************
exp # => 209
f = 10.0 ** (exp) # => 1.0000000000000004e+209
f # => 1.0000000000000004e+209
j # => "1.0000000000000004e+209"
f2 # => 1.0000000000000008e+209
********************
exp # => 210
f = 10.0 ** (exp) # => 1.0000000000000004e+210
f # => 1.0000000000000004e+210
j # => "1.0000000000000004e+210"
f2 # => 1.0000000000000008e+210
********************
exp # => 211
f = 10.0 ** (exp) # => 1.0000000000000004e+211
f # => 1.0000000000000004e+211
j # => "1.0000000000000004e+211"
f2 # => 1.0000000000000009e+211
********************
exp # => 212
f = 10.0 ** (exp) # => 1.0000000000000005e+212
f # => 1.0000000000000005e+212
j # => "1.0000000000000005e+212"
f2 # => 1.0000000000000008e+212
********************
exp # => 213
f = 10.0 ** (exp) # => 1.0000000000000004e+213
f # => 1.0000000000000004e+213
j # => "1.0000000000000004e+213"
f2 # => 1.0000000000000009e+213
********************
exp # => 214
f = 10.0 ** (exp) # => 1.0000000000000004e+214
f # => 1.0000000000000004e+214
j # => "1.0000000000000004e+214"
f2 # => 1.0000000000000009e+214
********************
exp # => 215
f = 10.0 ** (exp) # => 1.0000000000000005e+215
f # => 1.0000000000000005e+215
j # => "1.0000000000000005e+215"
f2 # => 1.0000000000000009e+215
********************
exp # => 216
f = 10.0 ** (exp) # => 1.0000000000000003e+216
f # => 1.0000000000000003e+216
j # => "1.0000000000000003e+216"
f2 # => 1.0000000000000008e+216
********************
exp # => 217
f = 10.0 ** (exp) # => 1.0000000000000006e+217
f # => 1.0000000000000006e+217
j # => "1.0000000000000006e+217"
f2 # => 1.0000000000000012e+217
********************
exp # => 218
f = 10.0 ** (exp) # => 1.0000000000000005e+218
f # => 1.0000000000000005e+218
j # => "1.0000000000000005e+218"
f2 # => 1.0000000000000009e+218
********************
exp # => 219
f = 10.0 ** (exp) # => 1.0000000000000006e+219
f # => 1.0000000000000006e+219
j # => "1.0000000000000006e+219"
f2 # => 1.0000000000000012e+219
********************
exp # => 220
f = 10.0 ** (exp) # => 1.0000000000000005e+220
f # => 1.0000000000000005e+220
j # => "1.0000000000000005e+220"
f2 # => 1.000000000000001e+220
********************
exp # => 221
f = 10.0 ** (exp) # => 1.0000000000000002e+221
f # => 1.0000000000000002e+221
j # => "1.0000000000000002e+221"
f2 # => 1.0000000000000004e+221
********************
exp # => 222
f = 10.0 ** (exp) # => 1.0000000000000005e+222
f # => 1.0000000000000005e+222
j # => "1.0000000000000005e+222"
f2 # => 1.000000000000001e+222
********************
exp # => 223
f = 10.0 ** (exp) # => 1.0000000000000004e+223
f # => 1.0000000000000004e+223
j # => "1.0000000000000004e+223"
f2 # => 1.0000000000000008e+223
********************
exp # => 224
f = 10.0 ** (exp) # => 1.0000000000000004e+224
f # => 1.0000000000000004e+224
j # => "1.0000000000000004e+224"
f2 # => 1.0000000000000008e+224
********************
exp # => 225
f = 10.0 ** (exp) # => 1.0000000000000006e+225
f # => 1.0000000000000006e+225
j # => "1.0000000000000006e+225"
f2 # => 1.0000000000000012e+225
********************
exp # => 226
f = 10.0 ** (exp) # => 1.0000000000000006e+226
f # => 1.0000000000000006e+226
j # => "1.0000000000000006e+226"
f2 # => 1.0000000000000013e+226
********************
exp # => 227
f = 10.0 ** (exp) # => 1.0000000000000003e+227
f # => 1.0000000000000003e+227
j # => "1.0000000000000003e+227"
f2 # => 1.0000000000000007e+227
********************
exp # => 228
f = 10.0 ** (exp) # => 1.0000000000000004e+228
f # => 1.0000000000000004e+228
j # => "1.0000000000000004e+228"
f2 # => 1.000000000000001e+228
********************
exp # => 229
f = 10.0 ** (exp) # => 1.0000000000000005e+229
f # => 1.0000000000000005e+229
j # => "1.0000000000000005e+229"
f2 # => 1.000000000000001e+229
********************
exp # => 230
f = 10.0 ** (exp) # => 1.0000000000000003e+230
f # => 1.0000000000000003e+230
j # => "1.0000000000000003e+230"
f2 # => 1.0000000000000007e+230
********************
exp # => 231
f = 10.0 ** (exp) # => 1.0000000000000004e+231
f # => 1.0000000000000004e+231
j # => "1.0000000000000004e+231"
f2 # => 1.000000000000001e+231
********************
exp # => 232
f = 10.0 ** (exp) # => 1.0000000000000005e+232
f # => 1.0000000000000005e+232
j # => "1.0000000000000005e+232"
f2 # => 1.0000000000000009e+232
********************
exp # => 233
f = 10.0 ** (exp) # => 1.0000000000000004e+233
f # => 1.0000000000000004e+233
j # => "1.0000000000000004e+233"
f2 # => 1.0000000000000009e+233
********************
exp # => 234
f = 10.0 ** (exp) # => 1.0000000000000005e+234
f # => 1.0000000000000005e+234
j # => "1.0000000000000005e+234"
f2 # => 1.000000000000001e+234
********************
exp # => 235
f = 10.0 ** (exp) # => 1.0000000000000003e+235
f # => 1.0000000000000003e+235
j # => "1.0000000000000003e+235"
f2 # => 1.0000000000000008e+235
********************
exp # => 236
f = 10.0 ** (exp) # => 1.0000000000000006e+236
f # => 1.0000000000000006e+236
j # => "1.0000000000000006e+236"
f2 # => 1.0000000000000013e+236
********************
exp # => 237
f = 10.0 ** (exp) # => 1.0000000000000005e+237
f # => 1.0000000000000005e+237
j # => "1.0000000000000005e+237"
f2 # => 1.0000000000000008e+237
********************
exp # => 238
f = 10.0 ** (exp) # => 1.0000000000000005e+238
f # => 1.0000000000000005e+238
j # => "1.0000000000000005e+238"
f2 # => 1.0000000000000009e+238
********************
exp # => 239
f = 10.0 ** (exp) # => 1.0000000000000005e+239
f # => 1.0000000000000005e+239
j # => "1.0000000000000005e+239"
f2 # => 1.0000000000000009e+239
********************
exp # => 240
f = 10.0 ** (exp) # => 1.0000000000000004e+240
f # => 1.0000000000000004e+240
j # => "1.0000000000000004e+240"
f2 # => 1.0000000000000008e+240
********************
exp # => 241
f = 10.0 ** (exp) # => 1.0000000000000005e+241
f # => 1.0000000000000005e+241
j # => "1.0000000000000005e+241"
f2 # => 1.000000000000001e+241
********************
exp # => 242
f = 10.0 ** (exp) # => 1.0000000000000005e+242
f # => 1.0000000000000005e+242
j # => "1.0000000000000005e+242"
f2 # => 1.000000000000001e+242
********************
exp # => 243
f = 10.0 ** (exp) # => 1.0000000000000005e+243
f # => 1.0000000000000005e+243
j # => "1.0000000000000005e+243"
f2 # => 1.0000000000000008e+243
********************
exp # => 244
f = 10.0 ** (exp) # => 1.0000000000000005e+244
f # => 1.0000000000000005e+244
j # => "1.0000000000000005e+244"
f2 # => 1.000000000000001e+244
********************
exp # => 245
f = 10.0 ** (exp) # => 1.0000000000000004e+245
f # => 1.0000000000000004e+245
j # => "1.0000000000000004e+245"
f2 # => 1.0000000000000009e+245
********************
exp # => 246
f = 10.0 ** (exp) # => 1.0000000000000005e+246
f # => 1.0000000000000005e+246
j # => "1.0000000000000005e+246"
f2 # => 1.0000000000000008e+246
********************
exp # => 247
f = 10.0 ** (exp) # => 1.0000000000000004e+247
f # => 1.0000000000000004e+247
j # => "1.0000000000000004e+247"
f2 # => 1.0000000000000009e+247
********************
exp # => 248
f = 10.0 ** (exp) # => 1.0000000000000005e+248
f # => 1.0000000000000005e+248
j # => "1.0000000000000005e+248"
f2 # => 1.000000000000001e+248
********************
exp # => 249
f = 10.0 ** (exp) # => 1.0000000000000007e+249
f # => 1.0000000000000007e+249
j # => "1.0000000000000007e+249"
f2 # => 1.0000000000000015e+249
********************
exp # => 250
f = 10.0 ** (exp) # => 1.0000000000000004e+250
f # => 1.0000000000000004e+250
j # => "1.0000000000000004e+250"
f2 # => 1.0000000000000009e+250
********************
exp # => 251
f = 10.0 ** (exp) # => 1.0000000000000006e+251
f # => 1.0000000000000006e+251
j # => "1.0000000000000006e+251"
f2 # => 1.0000000000000012e+251
********************
exp # => 252
f = 10.0 ** (exp) # => 1.0000000000000003e+252
f # => 1.0000000000000003e+252
j # => "1.0000000000000003e+252"
f2 # => 1.0000000000000007e+252
********************
exp # => 253
f = 10.0 ** (exp) # => 1.0000000000000004e+253
f # => 1.0000000000000004e+253
j # => "1.0000000000000004e+253"
f2 # => 1.0000000000000009e+253
********************
exp # => 254
f = 10.0 ** (exp) # => 1.0000000000000005e+254
f # => 1.0000000000000005e+254
j # => "1.0000000000000005e+254"
f2 # => 1.0000000000000008e+254
********************
exp # => 255
f = 10.0 ** (exp) # => 1.0000000000000004e+255
f # => 1.0000000000000004e+255
j # => "1.0000000000000004e+255"
f2 # => 1.0000000000000008e+255
********************
exp # => 256
f = 10.0 ** (exp) # => 1.0000000000000005e+256
f # => 1.0000000000000005e+256
j # => "1.0000000000000005e+256"
f2 # => 1.000000000000001e+256
********************
exp # => 257
f = 10.0 ** (exp) # => 1.0000000000000006e+257
f # => 1.0000000000000006e+257
j # => "1.0000000000000006e+257"
f2 # => 1.0000000000000012e+257
********************
exp # => 258
f = 10.0 ** (exp) # => 1.0000000000000005e+258
f # => 1.0000000000000005e+258
j # => "1.0000000000000005e+258"
f2 # => 1.000000000000001e+258
********************
exp # => 259
f = 10.0 ** (exp) # => 1.0000000000000006e+259
f # => 1.0000000000000006e+259
j # => "1.0000000000000006e+259"
f2 # => 1.0000000000000013e+259
********************
exp # => 260
f = 10.0 ** (exp) # => 1.0000000000000005e+260
f # => 1.0000000000000005e+260
j # => "1.0000000000000005e+260"
f2 # => 1.0000000000000009e+260
********************
exp # => 261
f = 10.0 ** (exp) # => 1.0000000000000006e+261
f # => 1.0000000000000006e+261
j # => "1.0000000000000006e+261"
f2 # => 1.0000000000000012e+261
********************
exp # => 262
f = 10.0 ** (exp) # => 1.0000000000000005e+262
f # => 1.0000000000000005e+262
j # => "1.0000000000000005e+262"
f2 # => 1.000000000000001e+262
********************
exp # => 263
f = 10.0 ** (exp) # => 1.0000000000000006e+263
f # => 1.0000000000000006e+263
j # => "1.0000000000000006e+263"
f2 # => 1.0000000000000013e+263
********************
exp # => 264
f = 10.0 ** (exp) # => 1.0000000000000005e+264
f # => 1.0000000000000005e+264
j # => "1.0000000000000005e+264"
f2 # => 1.0000000000000009e+264
********************
exp # => 265
f = 10.0 ** (exp) # => 1.0000000000000006e+265
f # => 1.0000000000000006e+265
j # => "1.0000000000000006e+265"
f2 # => 1.0000000000000013e+265
********************
exp # => 266
f = 10.0 ** (exp) # => 1.0000000000000005e+266
f # => 1.0000000000000005e+266
j # => "1.0000000000000005e+266"
f2 # => 1.0000000000000009e+266
********************
exp # => 267
f = 10.0 ** (exp) # => 1.0000000000000005e+267
f # => 1.0000000000000005e+267
j # => "1.0000000000000005e+267"
f2 # => 1.000000000000001e+267
********************
exp # => 268
f = 10.0 ** (exp) # => 1.0000000000000005e+268
f # => 1.0000000000000005e+268
j # => "1.0000000000000005e+268"
f2 # => 1.0000000000000009e+268
********************
exp # => 269
f = 10.0 ** (exp) # => 1.0000000000000005e+269
f # => 1.0000000000000005e+269
j # => "1.0000000000000005e+269"
f2 # => 1.0000000000000009e+269
********************
exp # => 270
f = 10.0 ** (exp) # => 1.0000000000000005e+270
f # => 1.0000000000000005e+270
j # => "1.0000000000000005e+270"
f2 # => 1.000000000000001e+270
********************
exp # => 271
f = 10.0 ** (exp) # => 1.0000000000000005e+271
f # => 1.0000000000000005e+271
j # => "1.0000000000000005e+271"
f2 # => 1.0000000000000009e+271
********************
exp # => 272
f = 10.0 ** (exp) # => 1.0000000000000005e+272
f # => 1.0000000000000005e+272
j # => "1.0000000000000005e+272"
f2 # => 1.000000000000001e+272
********************
exp # => 273
f = 10.0 ** (exp) # => 1.0000000000000005e+273
f # => 1.0000000000000005e+273
j # => "1.0000000000000005e+273"
f2 # => 1.000000000000001e+273
********************
exp # => 274
f = 10.0 ** (exp) # => 1.0000000000000005e+274
f # => 1.0000000000000005e+274
j # => "1.0000000000000005e+274"
f2 # => 1.0000000000000009e+274
********************
exp # => 275
f = 10.0 ** (exp) # => 1.0000000000000006e+275
f # => 1.0000000000000006e+275
j # => "1.0000000000000006e+275"
f2 # => 1.0000000000000012e+275
********************
exp # => 276
f = 10.0 ** (exp) # => 1.0000000000000005e+276
f # => 1.0000000000000005e+276
j # => "1.0000000000000005e+276"
f2 # => 1.000000000000001e+276
********************
exp # => 277
f = 10.0 ** (exp) # => 1.0000000000000006e+277
f # => 1.0000000000000006e+277
j # => "1.0000000000000006e+277"
f2 # => 1.0000000000000012e+277
********************
exp # => 278
f = 10.0 ** (exp) # => 1.0000000000000006e+278
f # => 1.0000000000000006e+278
j # => "1.0000000000000006e+278"
f2 # => 1.0000000000000012e+278
********************
exp # => 279
f = 10.0 ** (exp) # => 1.0000000000000004e+279
f # => 1.0000000000000004e+279
j # => "1.0000000000000004e+279"
f2 # => 1.000000000000001e+279
********************
exp # => 280
f = 10.0 ** (exp) # => 1.0000000000000004e+280
f # => 1.0000000000000004e+280
j # => "1.0000000000000004e+280"
f2 # => 1.0000000000000008e+280
********************
exp # => 281
f = 10.0 ** (exp) # => 1.0000000000000007e+281
f # => 1.0000000000000007e+281
j # => "1.0000000000000007e+281"
f2 # => 1.0000000000000016e+281
********************
exp # => 282
f = 10.0 ** (exp) # => 1.0000000000000005e+282
f # => 1.0000000000000005e+282
j # => "1.0000000000000005e+282"
f2 # => 1.0000000000000009e+282
********************
exp # => 283
f = 10.0 ** (exp) # => 1.0000000000000006e+283
f # => 1.0000000000000006e+283
j # => "1.0000000000000006e+283"
f2 # => 1.0000000000000012e+283
********************
exp # => 284
f = 10.0 ** (exp) # => 1.0000000000000004e+284
f # => 1.0000000000000004e+284
j # => "1.0000000000000004e+284"
f2 # => 1.0000000000000009e+284
********************
exp # => 285
f = 10.0 ** (exp) # => 1.0000000000000005e+285
f # => 1.0000000000000005e+285
j # => "1.0000000000000005e+285"
f2 # => 1.0000000000000009e+285
********************
exp # => 286
f = 10.0 ** (exp) # => 1.0000000000000005e+286
f # => 1.0000000000000005e+286
j # => "1.0000000000000005e+286"
f2 # => 1.0000000000000009e+286
********************
exp # => 287
f = 10.0 ** (exp) # => 1.0000000000000004e+287
f # => 1.0000000000000004e+287
j # => "1.0000000000000004e+287"
f2 # => 1.000000000000001e+287
********************
exp # => 288
f = 10.0 ** (exp) # => 1.0000000000000005e+288
f # => 1.0000000000000005e+288
j # => "1.0000000000000005e+288"
f2 # => 1.000000000000001e+288
********************
exp # => 289
f = 10.0 ** (exp) # => 1.0000000000000007e+289
f # => 1.0000000000000007e+289
j # => "1.0000000000000007e+289"
f2 # => 1.0000000000000016e+289
********************
exp # => 290
f = 10.0 ** (exp) # => 1.0000000000000006e+290
f # => 1.0000000000000006e+290
j # => "1.0000000000000006e+290"
f2 # => 1.0000000000000013e+290
********************
exp # => 291
f = 10.0 ** (exp) # => 1.0000000000000005e+291
f # => 1.0000000000000005e+291
j # => "1.0000000000000005e+291"
f2 # => 1.0000000000000009e+291
********************
exp # => 292
f = 10.0 ** (exp) # => 1.0000000000000007e+292
f # => 1.0000000000000007e+292
j # => "1.0000000000000007e+292"
f2 # => 1.0000000000000016e+292
********************
exp # => 293
f = 10.0 ** (exp) # => 1.0000000000000006e+293
f # => 1.0000000000000006e+293
j # => "1.0000000000000006e+293"
f2 # => 1.0000000000000013e+293
********************
exp # => 294
f = 10.0 ** (exp) # => 1.0000000000000005e+294
f # => 1.0000000000000005e+294
j # => "1.0000000000000005e+294"
f2 # => 1.0000000000000009e+294
********************
exp # => 295
f = 10.0 ** (exp) # => 1.0000000000000007e+295
f # => 1.0000000000000007e+295
j # => "1.0000000000000007e+295"
f2 # => 1.0000000000000016e+295
********************
exp # => 296
f = 10.0 ** (exp) # => 1.0000000000000005e+296
f # => 1.0000000000000005e+296
j # => "1.0000000000000005e+296"
f2 # => 1.0000000000000009e+296
********************
exp # => 297
f = 10.0 ** (exp) # => 1.0000000000000006e+297
f # => 1.0000000000000006e+297
j # => "1.0000000000000006e+297"
f2 # => 1.0000000000000013e+297
********************
exp # => 298
f = 10.0 ** (exp) # => 1.0000000000000005e+298
f # => 1.0000000000000005e+298
j # => "1.0000000000000005e+298"
f2 # => 1.000000000000001e+298
********************
exp # => 299
f = 10.0 ** (exp) # => 1.0000000000000006e+299
f # => 1.0000000000000006e+299
j # => "1.0000000000000006e+299"
f2 # => 1.0000000000000014e+299
********************
exp # => 300
f = 10.0 ** (exp) # => 1.0000000000000006e+300
f # => 1.0000000000000006e+300
j # => "1.0000000000000006e+300"
f2 # => 1.0000000000000012e+300
********************
exp # => 301
f = 10.0 ** (exp) # => 1.0000000000000006e+301
f # => 1.0000000000000006e+301
j # => "1.0000000000000006e+301"
f2 # => 1.0000000000000014e+301
********************
exp # => 302
f = 10.0 ** (exp) # => 1.0000000000000005e+302
f # => 1.0000000000000005e+302
j # => "1.0000000000000005e+302"
f2 # => 1.0000000000000008e+302
********************
exp # => 303
f = 10.0 ** (exp) # => 1.0000000000000006e+303
f # => 1.0000000000000006e+303
j # => "1.0000000000000006e+303"
f2 # => 1.0000000000000012e+303
********************
exp # => 304
f = 10.0 ** (exp) # => 1.0000000000000005e+304
f # => 1.0000000000000005e+304
j # => "1.0000000000000005e+304"
f2 # => 1.000000000000001e+304
********************
exp # => 305
f = 10.0 ** (exp) # => 1.0000000000000005e+305
f # => 1.0000000000000005e+305
j # => "1.0000000000000005e+305"
f2 # => 1.000000000000001e+305
********************
exp # => 306
f = 10.0 ** (exp) # => 1.0000000000000006e+306
f # => 1.0000000000000006e+306
j # => "1.0000000000000006e+306"
f2 # => 1.0000000000000013e+306
********************
exp # => 307
f = 10.0 ** (exp) # => 1.0000000000000005e+307
f # => 1.0000000000000005e+307
j # => "1.0000000000000005e+307"
f2 # => 1.000000000000001e+307
********************
exp # => 308
f = 10.0 ** (exp) # => 1.0000000000000006e+308
f # => 1.0000000000000006e+308
j # => "1.0000000000000006e+308"
f2 # => 1.0000000000000012e+308
********************
exp # => 309
f = 10.0 ** (exp) # => Infinity
f # => Infinity
Unhandled exception: Infinity not allowed in JSON (JSON::Error)
  from /usr/share/crystal/src/json/builder.cr:92:9 in 'number'
  from /usr/share/crystal/src/json/to_json.cr:55:5 in 'to_json'
  from /usr/share/crystal/src/json/to_json.cr:10:7 in 'to_json'
  from /usr/share/crystal/src/json/to_json.cr:4:7 in 'to_json'
  from examples/json_float.cr:13:7 in '__crystal_main'
  from /usr/share/crystal/src/crystal/main.cr:110:5 in 'main_user_code'
  from /usr/share/crystal/src/crystal/main.cr:96:7 in 'main'
  from /usr/share/crystal/src/crystal/main.cr:119:3 in 'main'
  from __libc_start_main
  from _start
  from ???
